#Timing report of worst 7 path(s)
# Unit scale: 1e-09 seconds
# Output precision: 3

#Path 1
Startpoint: W.inpad[0] (.input clocked by virtual_io_clock)
Endpoint  : out:c.outpad[0] (.output clocked by virtual_io_clock)
Path Type : setup

Point                                                                          Incr      Path
---------------------------------------------------------------------------------------------
clock virtual_io_clock (rise edge)                                            0.000     0.000
clock source latency                                                          0.000     0.000
input external delay                                                          0.000     0.000
W.inpad[0] (.input)                                                           0.000     0.000
$iopadmap$helloworldfpga.W.I_PAD_$inp[0] (SDIOMUX_CELL)                       0.000     0.000
$iopadmap$helloworldfpga.W.I_DAT[0] (SDIOMUX_CELL)                           13.945    13.945
c_LUT4_O.c_frag.TA1[0] (C_FRAG)                                               0.000    13.945
c_LUT4_O.c_frag.CZ[0] (C_FRAG)                                                1.721    15.666
$iopadmap$helloworldfpga.c.O_DAT[0] (BIDIR_CELL)                              0.000    15.666
$iopadmap$helloworldfpga.c.O_PAD_$out[0] (BIDIR_CELL)                         9.809    25.475
out:c.outpad[0] (.output)                                                     0.000    25.475
data arrival time                                                                      25.475

clock virtual_io_clock (rise edge)                                            0.000     0.000
clock source latency                                                          0.000     0.000
clock uncertainty                                                             0.000     0.000
output external delay                                                         0.000     0.000
data required time                                                                      0.000
---------------------------------------------------------------------------------------------
data required time                                                                      0.000
data arrival time                                                                     -25.475
---------------------------------------------------------------------------------------------
slack (VIOLATED)                                                                      -25.475


#Path 2
Startpoint: W.inpad[0] (.input clocked by virtual_io_clock)
Endpoint  : out:a.outpad[0] (.output clocked by virtual_io_clock)
Path Type : setup

Point                                                                          Incr      Path
---------------------------------------------------------------------------------------------
clock virtual_io_clock (rise edge)                                            0.000     0.000
clock source latency                                                          0.000     0.000
input external delay                                                          0.000     0.000
W.inpad[0] (.input)                                                           0.000     0.000
$iopadmap$helloworldfpga.W.I_PAD_$inp[0] (SDIOMUX_CELL)                       0.000     0.000
$iopadmap$helloworldfpga.W.I_DAT[0] (SDIOMUX_CELL)                           13.945    13.945
a_LUT4_O.c_frag.TA1[0] (C_FRAG)                                               0.000    13.945
a_LUT4_O.c_frag.CZ[0] (C_FRAG)                                                1.721    15.666
$iopadmap$helloworldfpga.a.O_DAT[0] (SDIOMUX_CELL)                            0.000    15.666
$iopadmap$helloworldfpga.a.O_PAD_$out[0] (SDIOMUX_CELL)                       9.750    25.416
out:a.outpad[0] (.output)                                                     0.000    25.416
data arrival time                                                                      25.416

clock virtual_io_clock (rise edge)                                            0.000     0.000
clock source latency                                                          0.000     0.000
clock uncertainty                                                             0.000     0.000
output external delay                                                         0.000     0.000
data required time                                                                      0.000
---------------------------------------------------------------------------------------------
data required time                                                                      0.000
data arrival time                                                                     -25.416
---------------------------------------------------------------------------------------------
slack (VIOLATED)                                                                      -25.416


#Path 3
Startpoint: W.inpad[0] (.input clocked by virtual_io_clock)
Endpoint  : out:d.outpad[0] (.output clocked by virtual_io_clock)
Path Type : setup

Point                                                                          Incr      Path
---------------------------------------------------------------------------------------------
clock virtual_io_clock (rise edge)                                            0.000     0.000
clock source latency                                                          0.000     0.000
input external delay                                                          0.000     0.000
W.inpad[0] (.input)                                                           0.000     0.000
$iopadmap$helloworldfpga.W.I_PAD_$inp[0] (SDIOMUX_CELL)                       0.000     0.000
$iopadmap$helloworldfpga.W.I_DAT[0] (SDIOMUX_CELL)                           13.945    13.945
d_LUT4_O.c_frag.TAB[0] (C_FRAG)                                               0.000    13.945
d_LUT4_O.c_frag.CZ[0] (C_FRAG)                                                1.437    15.382
$iopadmap$helloworldfpga.d.O_DAT[0] (BIDIR_CELL)                              0.000    15.382
$iopadmap$helloworldfpga.d.O_PAD_$out[0] (BIDIR_CELL)                         9.809    25.191
out:d.outpad[0] (.output)                                                     0.000    25.191
data arrival time                                                                      25.191

clock virtual_io_clock (rise edge)                                            0.000     0.000
clock source latency                                                          0.000     0.000
clock uncertainty                                                             0.000     0.000
output external delay                                                         0.000     0.000
data required time                                                                      0.000
---------------------------------------------------------------------------------------------
data required time                                                                      0.000
data arrival time                                                                     -25.191
---------------------------------------------------------------------------------------------
slack (VIOLATED)                                                                      -25.191


#Path 4
Startpoint: W.inpad[0] (.input clocked by virtual_io_clock)
Endpoint  : out:e.outpad[0] (.output clocked by virtual_io_clock)
Path Type : setup

Point                                                                          Incr      Path
---------------------------------------------------------------------------------------------
clock virtual_io_clock (rise edge)                                            0.000     0.000
clock source latency                                                          0.000     0.000
input external delay                                                          0.000     0.000
W.inpad[0] (.input)                                                           0.000     0.000
$iopadmap$helloworldfpga.W.I_PAD_$inp[0] (SDIOMUX_CELL)                       0.000     0.000
$iopadmap$helloworldfpga.W.I_DAT[0] (SDIOMUX_CELL)                           13.945    13.945
e_LUT4_O.c_frag.TAB[0] (C_FRAG)                                               0.000    13.945
e_LUT4_O.c_frag.CZ[0] (C_FRAG)                                                1.437    15.382
$iopadmap$helloworldfpga.e.O_DAT[0] (BIDIR_CELL)                              0.000    15.382
$iopadmap$helloworldfpga.e.O_PAD_$out[0] (BIDIR_CELL)                         9.809    25.191
out:e.outpad[0] (.output)                                                     0.000    25.191
data arrival time                                                                      25.191

clock virtual_io_clock (rise edge)                                            0.000     0.000
clock source latency                                                          0.000     0.000
clock uncertainty                                                             0.000     0.000
output external delay                                                         0.000     0.000
data required time                                                                      0.000
---------------------------------------------------------------------------------------------
data required time                                                                      0.000
data arrival time                                                                     -25.191
---------------------------------------------------------------------------------------------
slack (VIOLATED)                                                                      -25.191


#Path 5
Startpoint: W.inpad[0] (.input clocked by virtual_io_clock)
Endpoint  : out:f.outpad[0] (.output clocked by virtual_io_clock)
Path Type : setup

Point                                                                          Incr      Path
---------------------------------------------------------------------------------------------
clock virtual_io_clock (rise edge)                                            0.000     0.000
clock source latency                                                          0.000     0.000
input external delay                                                          0.000     0.000
W.inpad[0] (.input)                                                           0.000     0.000
$iopadmap$helloworldfpga.W.I_PAD_$inp[0] (SDIOMUX_CELL)                       0.000     0.000
$iopadmap$helloworldfpga.W.I_DAT[0] (SDIOMUX_CELL)                           13.945    13.945
f_LUT4_O.c_frag.TBS[0] (C_FRAG)                                               0.000    13.945
f_LUT4_O.c_frag.CZ[0] (C_FRAG)                                                0.996    14.941
$iopadmap$helloworldfpga.f.O_DAT[0] (BIDIR_CELL)                              0.000    14.941
$iopadmap$helloworldfpga.f.O_PAD_$out[0] (BIDIR_CELL)                         9.809    24.750
out:f.outpad[0] (.output)                                                     0.000    24.750
data arrival time                                                                      24.750

clock virtual_io_clock (rise edge)                                            0.000     0.000
clock source latency                                                          0.000     0.000
clock uncertainty                                                             0.000     0.000
output external delay                                                         0.000     0.000
data required time                                                                      0.000
---------------------------------------------------------------------------------------------
data required time                                                                      0.000
data arrival time                                                                     -24.750
---------------------------------------------------------------------------------------------
slack (VIOLATED)                                                                      -24.750


#Path 6
Startpoint: W.inpad[0] (.input clocked by virtual_io_clock)
Endpoint  : out:g.outpad[0] (.output clocked by virtual_io_clock)
Path Type : setup

Point                                                                          Incr      Path
---------------------------------------------------------------------------------------------
clock virtual_io_clock (rise edge)                                            0.000     0.000
clock source latency                                                          0.000     0.000
input external delay                                                          0.000     0.000
W.inpad[0] (.input)                                                           0.000     0.000
$iopadmap$helloworldfpga.W.I_PAD_$inp[0] (SDIOMUX_CELL)                       0.000     0.000
$iopadmap$helloworldfpga.W.I_DAT[0] (SDIOMUX_CELL)                           13.945    13.945
g_LUT4_O.c_frag.TBS[0] (C_FRAG)                                               0.000    13.945
g_LUT4_O.c_frag.CZ[0] (C_FRAG)                                                0.996    14.941
$iopadmap$helloworldfpga.g.O_DAT[0] (BIDIR_CELL)                              0.000    14.941
$iopadmap$helloworldfpga.g.O_PAD_$out[0] (BIDIR_CELL)                         9.809    24.750
out:g.outpad[0] (.output)                                                     0.000    24.750
data arrival time                                                                      24.750

clock virtual_io_clock (rise edge)                                            0.000     0.000
clock source latency                                                          0.000     0.000
clock uncertainty                                                             0.000     0.000
output external delay                                                         0.000     0.000
data required time                                                                      0.000
---------------------------------------------------------------------------------------------
data required time                                                                      0.000
data arrival time                                                                     -24.750
---------------------------------------------------------------------------------------------
slack (VIOLATED)                                                                      -24.750


#Path 7
Startpoint: Y.inpad[0] (.input clocked by virtual_io_clock)
Endpoint  : out:b.outpad[0] (.output clocked by virtual_io_clock)
Path Type : setup

Point                                                                          Incr      Path
---------------------------------------------------------------------------------------------
clock virtual_io_clock (rise edge)                                            0.000     0.000
clock source latency                                                          0.000     0.000
input external delay                                                          0.000     0.000
Y.inpad[0] (.input)                                                           0.000     0.000
$iopadmap$helloworldfpga.Y.I_PAD_$inp[0] (BIDIR_CELL)                         0.000     0.000
$iopadmap$helloworldfpga.Y.I_DAT[0] (BIDIR_CELL)                             10.958    10.958
b_LUT3_O.t_frag.XA1[0] (T_FRAG)                                               0.000    10.958
b_LUT3_O.t_frag.XZ[0] (T_FRAG)                                                1.549    12.507
$iopadmap$helloworldfpga.b.O_DAT[0] (SDIOMUX_CELL)                            0.000    12.507
$iopadmap$helloworldfpga.b.O_PAD_$out[0] (SDIOMUX_CELL)                       9.750    22.257
out:b.outpad[0] (.output)                                                     0.000    22.258
data arrival time                                                                      22.258

clock virtual_io_clock (rise edge)                                            0.000     0.000
clock source latency                                                          0.000     0.000
clock uncertainty                                                             0.000     0.000
output external delay                                                         0.000     0.000
data required time                                                                      0.000
---------------------------------------------------------------------------------------------
data required time                                                                      0.000
data arrival time                                                                     -22.258
---------------------------------------------------------------------------------------------
slack (VIOLATED)                                                                      -22.258


#End of timing report
