#Timing report of worst 7 path(s)
# Unit scale: 1e-09 seconds
# Output precision: 3

#Path 1
Startpoint: Y.inpad[0] (.input clocked by virtual_io_clock)
Endpoint  : out:f.outpad[0] (.output clocked by virtual_io_clock)
Path Type : hold

Point                                                                        Incr      Path
-------------------------------------------------------------------------------------------
clock virtual_io_clock (rise edge)                                          0.000     0.000
clock source latency                                                        0.000     0.000
input external delay                                                        0.000     0.000
Y.inpad[0] (.input)                                                         0.000     0.000
$iopadmap$helloworldfpga.Y.I_PAD_$inp[0] (BIDIR_CELL)                       0.000     0.000
$iopadmap$helloworldfpga.Y.I_DAT[0] (BIDIR_CELL)                           10.153    10.153
f_LUT4_O.c_frag.TAB[0] (C_FRAG)                                             3.744    13.897
f_LUT4_O.c_frag.CZ[0] (C_FRAG)                                              0.987    14.884
$iopadmap$helloworldfpga.f.O_DAT[0] (BIDIR_CELL)                            2.655    17.539
$iopadmap$helloworldfpga.f.O_PAD_$out[0] (BIDIR_CELL)                       9.726    27.265
out:f.outpad[0] (.output)                                                   0.000    27.265
data arrival time                                                                    27.265

clock virtual_io_clock (rise edge)                                          0.000     0.000
clock source latency                                                        0.000     0.000
clock uncertainty                                                           0.000     0.000
output external delay                                                       0.000     0.000
data required time                                                                    0.000
-------------------------------------------------------------------------------------------
data required time                                                                   -0.000
data arrival time                                                                    27.265
-------------------------------------------------------------------------------------------
slack (MET)                                                                          27.265


#Path 2
Startpoint: X.inpad[0] (.input clocked by virtual_io_clock)
Endpoint  : out:c.outpad[0] (.output clocked by virtual_io_clock)
Path Type : hold

Point                                                                        Incr      Path
-------------------------------------------------------------------------------------------
clock virtual_io_clock (rise edge)                                          0.000     0.000
clock source latency                                                        0.000     0.000
input external delay                                                        0.000     0.000
X.inpad[0] (.input)                                                         0.000     0.000
$iopadmap$helloworldfpga.X.I_PAD_$inp[0] (BIDIR_CELL)                       0.000     0.000
$iopadmap$helloworldfpga.X.I_DAT[0] (BIDIR_CELL)                           10.153    10.153
c_LUT4_O.c_frag.BAB[0] (C_FRAG)                                             2.913    13.066
c_LUT4_O.c_frag.CZ[0] (C_FRAG)                                              0.909    13.976
$iopadmap$helloworldfpga.c.O_DAT[0] (BIDIR_CELL)                            5.231    19.207
$iopadmap$helloworldfpga.c.O_PAD_$out[0] (BIDIR_CELL)                       9.726    28.933
out:c.outpad[0] (.output)                                                   0.000    28.933
data arrival time                                                                    28.933

clock virtual_io_clock (rise edge)                                          0.000     0.000
clock source latency                                                        0.000     0.000
clock uncertainty                                                           0.000     0.000
output external delay                                                       0.000     0.000
data required time                                                                    0.000
-------------------------------------------------------------------------------------------
data required time                                                                   -0.000
data arrival time                                                                    28.933
-------------------------------------------------------------------------------------------
slack (MET)                                                                          28.933


#Path 3
Startpoint: X.inpad[0] (.input clocked by virtual_io_clock)
Endpoint  : out:d.outpad[0] (.output clocked by virtual_io_clock)
Path Type : hold

Point                                                                        Incr      Path
-------------------------------------------------------------------------------------------
clock virtual_io_clock (rise edge)                                          0.000     0.000
clock source latency                                                        0.000     0.000
input external delay                                                        0.000     0.000
X.inpad[0] (.input)                                                         0.000     0.000
$iopadmap$helloworldfpga.X.I_PAD_$inp[0] (BIDIR_CELL)                       0.000     0.000
$iopadmap$helloworldfpga.X.I_DAT[0] (BIDIR_CELL)                           10.153    10.153
d_LUT4_O.c_frag.TA1[0] (C_FRAG)                                             4.071    14.224
d_LUT4_O.c_frag.CZ[0] (C_FRAG)                                              1.497    15.721
$iopadmap$helloworldfpga.d.O_DAT[0] (BIDIR_CELL)                            4.444    20.165
$iopadmap$helloworldfpga.d.O_PAD_$out[0] (BIDIR_CELL)                       9.726    29.891
out:d.outpad[0] (.output)                                                   0.000    29.891
data arrival time                                                                    29.891

clock virtual_io_clock (rise edge)                                          0.000     0.000
clock source latency                                                        0.000     0.000
clock uncertainty                                                           0.000     0.000
output external delay                                                       0.000     0.000
data required time                                                                    0.000
-------------------------------------------------------------------------------------------
data required time                                                                   -0.000
data arrival time                                                                    29.891
-------------------------------------------------------------------------------------------
slack (MET)                                                                          29.891


#Path 4
Startpoint: X.inpad[0] (.input clocked by virtual_io_clock)
Endpoint  : out:b.outpad[0] (.output clocked by virtual_io_clock)
Path Type : hold

Point                                                                          Incr      Path
---------------------------------------------------------------------------------------------
clock virtual_io_clock (rise edge)                                            0.000     0.000
clock source latency                                                          0.000     0.000
input external delay                                                          0.000     0.000
X.inpad[0] (.input)                                                           0.000     0.000
$iopadmap$helloworldfpga.X.I_PAD_$inp[0] (BIDIR_CELL)                         0.000     0.000
$iopadmap$helloworldfpga.X.I_DAT[0] (BIDIR_CELL)                             10.153    10.153
b_LUT3_O.t_frag.XSL[0] (T_FRAG)                                               4.810    14.963
b_LUT3_O.t_frag.XZ[0] (T_FRAG)                                                1.041    16.005
$iopadmap$helloworldfpga.b.O_DAT[0] (SDIOMUX_CELL)                            6.250    22.254
$iopadmap$helloworldfpga.b.O_PAD_$out[0] (SDIOMUX_CELL)                       8.931    31.185
out:b.outpad[0] (.output)                                                     0.000    31.185
data arrival time                                                                      31.185

clock virtual_io_clock (rise edge)                                            0.000     0.000
clock source latency                                                          0.000     0.000
clock uncertainty                                                             0.000     0.000
output external delay                                                         0.000     0.000
data required time                                                                      0.000
---------------------------------------------------------------------------------------------
data required time                                                                     -0.000
data arrival time                                                                      31.185
---------------------------------------------------------------------------------------------
slack (MET)                                                                            31.185


#Path 5
Startpoint: X.inpad[0] (.input clocked by virtual_io_clock)
Endpoint  : out:g.outpad[0] (.output clocked by virtual_io_clock)
Path Type : hold

Point                                                                        Incr      Path
-------------------------------------------------------------------------------------------
clock virtual_io_clock (rise edge)                                          0.000     0.000
clock source latency                                                        0.000     0.000
input external delay                                                        0.000     0.000
X.inpad[0] (.input)                                                         0.000     0.000
$iopadmap$helloworldfpga.X.I_PAD_$inp[0] (BIDIR_CELL)                       0.000     0.000
$iopadmap$helloworldfpga.X.I_DAT[0] (BIDIR_CELL)                           10.153    10.153
g_LUT4_O.c_frag.BAB[0] (C_FRAG)                                             5.581    15.734
g_LUT4_O.c_frag.CZ[0] (C_FRAG)                                              0.909    16.643
$iopadmap$helloworldfpga.g.O_DAT[0] (BIDIR_CELL)                            5.152    21.795
$iopadmap$helloworldfpga.g.O_PAD_$out[0] (BIDIR_CELL)                       9.726    31.521
out:g.outpad[0] (.output)                                                   0.000    31.521
data arrival time                                                                    31.521

clock virtual_io_clock (rise edge)                                          0.000     0.000
clock source latency                                                        0.000     0.000
clock uncertainty                                                           0.000     0.000
output external delay                                                       0.000     0.000
data required time                                                                    0.000
-------------------------------------------------------------------------------------------
data required time                                                                   -0.000
data arrival time                                                                    31.521
-------------------------------------------------------------------------------------------
slack (MET)                                                                          31.521


#Path 6
Startpoint: Y.inpad[0] (.input clocked by virtual_io_clock)
Endpoint  : out:a.outpad[0] (.output clocked by virtual_io_clock)
Path Type : hold

Point                                                                          Incr      Path
---------------------------------------------------------------------------------------------
clock virtual_io_clock (rise edge)                                            0.000     0.000
clock source latency                                                          0.000     0.000
input external delay                                                          0.000     0.000
Y.inpad[0] (.input)                                                           0.000     0.000
$iopadmap$helloworldfpga.Y.I_PAD_$inp[0] (BIDIR_CELL)                         0.000     0.000
$iopadmap$helloworldfpga.Y.I_DAT[0] (BIDIR_CELL)                             10.153    10.153
a_LUT4_O.c_frag.BAB[0] (C_FRAG)                                               5.491    15.644
a_LUT4_O.c_frag.CZ[0] (C_FRAG)                                                0.909    16.554
$iopadmap$helloworldfpga.a.O_DAT[0] (SDIOMUX_CELL)                            6.275    22.829
$iopadmap$helloworldfpga.a.O_PAD_$out[0] (SDIOMUX_CELL)                       8.931    31.760
out:a.outpad[0] (.output)                                                     0.000    31.760
data arrival time                                                                      31.760

clock virtual_io_clock (rise edge)                                            0.000     0.000
clock source latency                                                          0.000     0.000
clock uncertainty                                                             0.000     0.000
output external delay                                                         0.000     0.000
data required time                                                                      0.000
---------------------------------------------------------------------------------------------
data required time                                                                     -0.000
data arrival time                                                                      31.760
---------------------------------------------------------------------------------------------
slack (MET)                                                                            31.760


#Path 7
Startpoint: X.inpad[0] (.input clocked by virtual_io_clock)
Endpoint  : out:e.outpad[0] (.output clocked by virtual_io_clock)
Path Type : hold

Point                                                                        Incr      Path
-------------------------------------------------------------------------------------------
clock virtual_io_clock (rise edge)                                          0.000     0.000
clock source latency                                                        0.000     0.000
input external delay                                                        0.000     0.000
X.inpad[0] (.input)                                                         0.000     0.000
$iopadmap$helloworldfpga.X.I_PAD_$inp[0] (BIDIR_CELL)                       0.000     0.000
$iopadmap$helloworldfpga.X.I_DAT[0] (BIDIR_CELL)                           10.153    10.153
e_LUT4_O.c_frag.BA1[0] (C_FRAG)                                             5.190    15.343
e_LUT4_O.c_frag.CZ[0] (C_FRAG)                                              1.392    16.735
$iopadmap$helloworldfpga.e.O_DAT[0] (BIDIR_CELL)                            8.497    25.232
$iopadmap$helloworldfpga.e.O_PAD_$out[0] (BIDIR_CELL)                       9.726    34.958
out:e.outpad[0] (.output)                                                   0.000    34.958
data arrival time                                                                    34.958

clock virtual_io_clock (rise edge)                                          0.000     0.000
clock source latency                                                        0.000     0.000
clock uncertainty                                                           0.000     0.000
output external delay                                                       0.000     0.000
data required time                                                                    0.000
-------------------------------------------------------------------------------------------
data required time                                                                   -0.000
data arrival time                                                                    34.958
-------------------------------------------------------------------------------------------
slack (MET)                                                                          34.958


#End of timing report
