VPR FPGA Placement and Routing.
Version: 8.1.0-dev+dadca7ecf
Revision: v8.0.0-rc2-2894-gdadca7ecf
Compiled: 2020-10-14T15:08:54
Compiler: GNU 7.3.0 on Linux-4.15.0-1028-gcp x86_64
Build Info: Release IPO VTR_ASSERT_LEVEL=2

University of Toronto
verilogtorouting.org
vtr-users@googlegroups.com
This is free open source code under MIT license.

VPR was run with the following command-line:
vpr /home/deekshitha/qorc-sdk/fpga_toolchain_install/v1.3.1/quicklogic-arch-defs/share/arch/ql-eos-s3_wlcsp/arch.timing.xml helloworldfpga.eblif --device ql-eos-s3 --max_router_iterations 500 --routing_failure_predictor off --router_high_fanout_threshold -1 --constant_net_method route --route_chan_width 100 --clock_modeling route --place_delay_model delta_override --router_lookahead map --check_route quick --strict_checks off --allow_dangling_combinational_nodes on --disable_errors check_unbuffered_edges:check_route --congested_routing_iteration_threshold 0.8 --incremental_reroute_delay_ripup off --base_cost_type delay_normalized_length_bounded --bb_factor 10 --initial_pres_fac 4.0 --check_rr_graph off --suppress_warnings ,sum_pin_class:check_unbuffered_edges:load_rr_indexed_data_T_values:check_rr_node:trans_per_R:check_route:set_rr_graph_tool_comment:warn_model_missing_timing --read_rr_graph /home/deekshitha/qorc-sdk/fpga_toolchain_install/v1.3.1/quicklogic-arch-defs/share/arch/ql-eos-s3_wlcsp/rr_graph_ql-eos-s3_wlcsp.rr_graph.real.bin --read_placement_delay_lookup /home/deekshitha/qorc-sdk/fpga_toolchain_install/v1.3.1/quicklogic-arch-defs/share/arch/ql-eos-s3_wlcsp/rr_graph_ql-eos-s3_wlcsp.place_delay.bin --sdc_file /home/deekshitha/qorc-sdk/fpga-examples/dispdec/build/helloworldfpga_dummy.sdc --fix_clusters helloworldfpga_constraints.place --place

Using up to 1 parallel worker(s)

Architecture file: /home/deekshitha/qorc-sdk/fpga_toolchain_install/v1.3.1/quicklogic-arch-defs/share/arch/ql-eos-s3_wlcsp/arch.timing.xml
Circuit name: helloworldfpga

# Loading Architecture Description
# Loading Architecture Description took 0.79 seconds (max_rss 31.2 MiB, delta_rss +24.9 MiB)
# Building complex block graph
# Building complex block graph took 0.16 seconds (max_rss 39.8 MiB, delta_rss +8.6 MiB)
# Load circuit
# Load circuit took 0.00 seconds (max_rss 39.8 MiB, delta_rss +0.0 MiB)
# Clean circuit
Absorbed 122 LUT buffers
Inferred    3 additional primitive pins as constant generators since they have no combinationally connected inputs
Inferred    0 additional primitive pins as constant generators due to constant inputs
Inferred    0 additional primitive pins as constant generators since they have no combinationally connected inputs
Inferred    0 additional primitive pins as constant generators due to constant inputs
Inferred    0 additional primitive pins as constant generators since they have no combinationally connected inputs
Inferred    0 additional primitive pins as constant generators due to constant inputs
Swept input(s)      : 0
Swept output(s)     : 0 (0 dangling, 0 constant)
Swept net(s)        : 1
Swept block(s)      : 1
Constant Pins Marked: 3
# Clean circuit took 0.00 seconds (max_rss 39.8 MiB, delta_rss +0.0 MiB)
# Compress circuit
# Compress circuit took 0.00 seconds (max_rss 39.8 MiB, delta_rss +0.0 MiB)
# Verify circuit
# Verify circuit took 0.00 seconds (max_rss 39.8 MiB, delta_rss +0.0 MiB)
Circuit Statistics:
  Blocks: 31
    .input      :       4
    .output     :       7
    BIDIR_CELL  :       8
    C_FRAG      :       7
    GND         :       1
    SDIOMUX_CELL:       3
    VCC         :       1
  Nets  : 24
    Avg Fanout:     5.5
    Max Fanout:    47.0
    Min Fanout:     1.0
  Netlist Clocks: 0
# Build Timing Graph
  Timing Graph Nodes: 155
  Timing Graph Edges: 244
  Timing Graph Levels: 8
# Build Timing Graph took 0.00 seconds (max_rss 39.8 MiB, delta_rss +0.0 MiB)
Netlist contains 0 clocks
# Load Timing Constraints

SDC file '/home/deekshitha/qorc-sdk/fpga-examples/dispdec/build/helloworldfpga_dummy.sdc' contained no SDC commands
Setting default timing constraints:
   * constrain all primay inputs and primary outputs on a virtual external clock 'virtual_io_clock'
   * optimize virtual clock to run as fast as possible
Timing constraints created 1 clocks
  Constrained Clock 'virtual_io_clock' (Virtual Clock)

# Load Timing Constraints took 0.00 seconds (max_rss 39.8 MiB, delta_rss +0.0 MiB)
Timing analysis: ON
Circuit netlist file: helloworldfpga.net
Circuit placement file: helloworldfpga.place
Circuit routing file: helloworldfpga.route
Circuit SDC file: /home/deekshitha/qorc-sdk/fpga-examples/dispdec/build/helloworldfpga_dummy.sdc

Packer: ENABLED
Placer: ENABLED
Router: DISABLED
Analysis: DISABLED

NetlistOpts.abosrb_buffer_luts            : true
NetlistOpts.sweep_dangling_primary_ios    : true
NetlistOpts.sweep_dangling_nets           : true
NetlistOpts.sweep_dangling_blocks         : true
NetlistOpts.sweep_constant_primary_outputs: false
NetlistOpts.netlist_verbosity             : 1
NetlistOpts.const_gen_inference           : COMB_SEQ

PackerOpts.allow_unrelated_clustering: auto
PackerOpts.alpha_clustering: 0.750000
PackerOpts.beta_clustering: 0.900000
PackerOpts.cluster_seed_type: BLEND2
PackerOpts.connection_driven: true
PackerOpts.global_clocks: true
PackerOpts.hill_climbing_flag: false
PackerOpts.inter_cluster_net_delay: 1.000000
PackerOpts.timing_driven: true
PackerOpts.target_external_pin_util: auto

PlacerOpts.place_freq: PLACE_ONCE
PlacerOpts.place_algorithm: CRITICALITY_TIMING_PLACE
PlacerOpts.pad_loc_type: FREE
PlacerOpts.constraints_file: Using constraints file 'helloworldfpga_constraints.place'
PlacerOpts.place_cost_exp: 1.000000
PlacerOpts.place_chan_width: 100
PlacerOpts.inner_loop_recompute_divider: 0
PlacerOpts.recompute_crit_iter: 1
PlacerOpts.timing_tradeoff: 0.500000
PlacerOpts.td_place_exp_first: 1.000000
PlacerOpts.td_place_exp_last: 8.000000
PlacerOpts.delay_offset: 0.000000
PlacerOpts.delay_ramp_delta_threshold: -1
PlacerOpts.delay_ramp_slope: 0.000000
PlacerOpts.tsu_rel_margin: 1.000000
PlacerOpts.tsu_abs_margin: 0.000000
PlacerOpts.post_place_timing_report_file: 
PlacerOpts.allowed_tiles_for_delay_model: 
PlacerOpts.delay_model_reducer: MIN
PlacerOpts.delay_model_type: DELTA_OVERRIDE
PlacerOpts.rlim_escape_fraction: 0.000000
PlacerOpts.move_stats_file: 
PlacerOpts.placement_saves_per_temperature: 0
PlacerOpts.effort_scaling: CIRCUIT
PlacerOpts.place_delta_delay_matrix_calculation_method: ASTAR_ROUTE
PlaceOpts.seed: 1
AnnealSched.type: AUTO_SCHED
AnnealSched.inner_num: 1.000000

RoutingArch.directionality: BI_DIRECTIONAL
RoutingArch.switch_block_type: WILTON
RoutingArch.Fs: 3

# Load Packing
Begin loading packed FPGA netlist file.
Netlist generated from file 'helloworldfpga.net'.
Detected 2 constant generators (to see names run with higher pack verbosity)
Finished loading packed FPGA netlist file (took 0.021793 seconds).
# Load Packing took 0.02 seconds (max_rss 40.5 MiB, delta_rss +0.7 MiB)
Warning 1: Netlist contains 0 global net to non-global architecture pin connections
Warning 2: Logic block #18 ($false) has only 1 output pin '$false.GND0_GND[0]'. It may be a constant generator.
Warning 3: Logic block #19 ($true) has only 1 output pin '$true.VCC0_VCC[0]'. It may be a constant generator.

Netlist num_nets: 13
Netlist num_blocks: 20
Netlist EMPTY blocks: 0.
Netlist PB-SYN_GND blocks: 1.
Netlist PB-BIDIR blocks: 8.
Netlist PB-ASSP blocks: 0.
Netlist PB-LOGIC blocks: 7.
Netlist PB-SDIOMUX blocks: 3.
Netlist PB-MULT blocks: 0.
Netlist PB-GMUX blocks: 0.
Netlist PB-CLOCK blocks: 0.
Netlist PB-RAM blocks: 0.
Netlist PB-SYN_VCC blocks: 1.
Netlist inputs pins: 4
Netlist output pins: 29


Pb types usage...
  PB-SYN_GND        : 1
   GND              : 1
  PB-BIDIR          : 8
   BIDIR            : 8
    INPUT           : 3
     bidir          : 3
     inpad          : 3
    OUTPUT          : 5
     bidir          : 5
     outpad         : 5
  PB-LOGIC          : 7
   LOGIC            : 7
    FRAGS           : 7
     c_frag_modes   : 7
      SINGLE        : 7
       c_frag       : 7
  PB-SDIOMUX        : 3
   SDIOMUX          : 3
    INPUT           : 1
     inpad          : 1
     sdiomux        : 1
    OUTPUT          : 2
     outpad         : 2
     sdiomux        : 2
  PB-SYN_VCC        : 1
   VCC              : 1

# Create Device
## Build Device Grid
FPGA sized to 39 x 35: 1365 grid tiles (ql-eos-s3)

Resource usage...
	Netlist
		1	blocks of type: PB-SYN_GND
	Architecture
		1	blocks of type: TL-SYN_GND
	Netlist
		8	blocks of type: PB-BIDIR
	Architecture
		32	blocks of type: TL-BIDIR
	Netlist
		0	blocks of type: PB-ASSP
	Architecture
		1	blocks of type: TL-ASSP
	Netlist
		7	blocks of type: PB-LOGIC
	Architecture
		891	blocks of type: TL-LOGIC
	Netlist
		3	blocks of type: PB-SDIOMUX
	Architecture
		14	blocks of type: TL-SDIOMUX
	Netlist
		0	blocks of type: PB-MULT
	Architecture
		2	blocks of type: TL-MULT
	Netlist
		0	blocks of type: PB-GMUX
	Architecture
		5	blocks of type: TL-GMUX
	Netlist
		0	blocks of type: PB-CLOCK
	Architecture
		5	blocks of type: TL-CLOCK
	Netlist
		0	blocks of type: PB-RAM
	Architecture
		4	blocks of type: TL-RAM
	Netlist
		1	blocks of type: PB-SYN_VCC
	Architecture
		1	blocks of type: TL-SYN_VCC

Device Utilization: 0.01 (target 1.00)
	Physical Tile TL-LOGIC:
	Block Utilization: 0.01 Logical Block: PB-LOGIC
	Physical Tile TL-RAM:
	Block Utilization: 0.00 Logical Block: PB-RAM
	Physical Tile TL-MULT:
	Block Utilization: 0.00 Logical Block: PB-MULT
	Physical Tile TL-BIDIR:
	Block Utilization: 0.25 Logical Block: PB-BIDIR
	Physical Tile TL-CLOCK:
	Block Utilization: 0.00 Logical Block: PB-CLOCK
	Physical Tile TL-SDIOMUX:
	Block Utilization: 0.21 Logical Block: PB-SDIOMUX
	Physical Tile TL-GMUX:
	Block Utilization: 0.00 Logical Block: PB-GMUX
	Physical Tile TL-ASSP:
	Block Utilization: 0.00 Logical Block: PB-ASSP
	Physical Tile TL-SYN_VCC:
	Block Utilization: 1.00 Logical Block: PB-SYN_VCC
	Physical Tile TL-SYN_GND:
	Block Utilization: 1.00 Logical Block: PB-SYN_GND

## Build Device Grid took 0.01 seconds (max_rss 40.7 MiB, delta_rss +0.0 MiB)
## Loading routing resource graph


## Loading routing resource graph took 1.15 seconds (max_rss 350.0 MiB, delta_rss +309.3 MiB)
  RR Graph Nodes: 1396446
  RR Graph Edges: 2337988
# Create Device took 2.28 seconds (max_rss 351.7 MiB, delta_rss +311.0 MiB)

# Computing router lookahead map
## Computing wire lookahead
Warning 4: Unable to find any sample location for segment CHANX type 'generic' (length 1)
Warning 5: Unable to find any sample location for segment CHANY type 'generic' (length 1)
Warning 6: Unable to find any sample location for segment CHANX type 'pad' (length 1)
Warning 7: Unable to find any sample location for segment CHANY type 'pad' (length 1)
## Computing wire lookahead took 40.98 seconds (max_rss 351.7 MiB, delta_rss +0.0 MiB)
## Computing src/opin lookahead
## Computing src/opin lookahead took 0.00 seconds (max_rss 351.7 MiB, delta_rss +0.0 MiB)
# Computing router lookahead map took 40.99 seconds (max_rss 351.7 MiB, delta_rss +0.0 MiB)
# Placement
## Computing placement delta delay look-up
  RR Graph Nodes: 1396446
  RR Graph Edges: 2337988
## Computing placement delta delay look-up took 1.18 seconds (max_rss 401.4 MiB, delta_rss +49.7 MiB)
Warning 8: CHANX place cost fac is 0 at 2 2
Warning 9: CHANX place cost fac is 0 at 34 34
Warning 10: CHANY place cost fac is 0 at 38 38
## Initial Placement
Reading helloworldfpga_constraints.place.

Successfully read helloworldfpga_constraints.place.

## Initial Placement took 0.00 seconds (max_rss 401.4 MiB, delta_rss +0.0 MiB)

There are 120 point to point connections in this circuit.


BB estimate of min-dist (placement) wire length: 846

Completed placement consistency check successfully.
Initial placement cost: 1 bb_cost: 1.25098 td_cost: 4.72969e-07
Initial placement estimated Critical Path Delay (CPD): 52.0249 ns
Initial placement estimated setup Total Negative Slack (sTNS): -321.376 ns
Initial placement estimated setup Worst Negative Slack (sWNS): -52.0249 ns

Initial placement estimated setup slack histogram:
[ -5.2e-08: -5.1e-08) 2 ( 28.6%) |*************************************************
[ -5.1e-08: -4.9e-08) 0 (  0.0%) |
[ -4.9e-08: -4.8e-08) 0 (  0.0%) |
[ -4.8e-08: -4.7e-08) 0 (  0.0%) |
[ -4.7e-08: -4.5e-08) 2 ( 28.6%) |*************************************************
[ -4.5e-08: -4.4e-08) 0 (  0.0%) |
[ -4.4e-08: -4.3e-08) 2 ( 28.6%) |*************************************************
[ -4.3e-08: -4.1e-08) 0 (  0.0%) |
[ -4.1e-08:   -4e-08) 0 (  0.0%) |
[   -4e-08: -3.8e-08) 1 ( 14.3%) |*************************
Placement contains 0 placement macros involving 0 blocks (average macro size -nan)

Moves per temperature: 54
Warning 11: Starting t: 13 of 20 configurations accepted.

---- ------ ------- ------- ---------- ---------- ------- ---------- -------- ------- ------- ------ -------- --------- ------
Tnum   Time       T Av Cost Av BB Cost Av TD Cost     CPD       sTNS     sWNS Ac Rate Std Dev  R lim Crit Exp Tot Moves  Alpha
      (sec)                                          (ns)       (ns)     (ns)                                                 
---- ------ ------- ------- ---------- ---------- ------- ---------- -------- ------- ------- ------ -------- --------- ------
   1    0.0 6.0e-01   0.977       1.22 4.7102e-07  49.796       -318  -49.796   0.852  0.0457   38.0     1.00        54  0.200
   2    0.0 5.4e-01   0.985       1.26 4.9392e-07  49.776       -322  -49.776   0.685  0.0203   38.0     1.00       108  0.900
   3    0.0 5.2e-01   0.945       1.20 4.7274e-07  52.259       -322  -52.259   0.685  0.0595   38.0     1.00       162  0.950
   4    0.0 4.9e-01   0.994       1.28 4.6903e-07  56.659       -335  -56.659   0.722  0.0415   38.0     1.00       216  0.950
   5    0.0 4.7e-01   0.960       1.24 4.749e-07   53.915       -327  -53.915   0.778  0.0313   38.0     1.00       270  0.950
   6    0.0 4.4e-01   0.971       1.24 4.9251e-07  50.720       -336  -50.720   0.759  0.0535   38.0     1.00       324  0.950
   7    0.0 4.2e-01   0.944       1.21 4.8052e-07  51.498       -322  -51.498   0.704  0.0317   38.0     1.00       378  0.950
   8    0.0 4.0e-01   0.969       1.17 4.1458e-07  57.398       -324  -57.398   0.722  0.0397   38.0     1.00       432  0.950
   9    0.0 3.8e-01   1.002       1.20 4.5713e-07  52.148       -314  -52.148   0.722  0.0665   38.0     1.00       486  0.950
  10    0.0 3.6e-01   0.918       1.20 4.9688e-07  49.334       -324  -49.334   0.852  0.0395   38.0     1.00       540  0.950
  11    0.0 3.3e-01   1.046       1.18 5.1225e-07  47.511       -308  -47.511   0.759  0.0292   38.0     1.00       594  0.900
  12    0.0 3.1e-01   0.993       1.23 4.7832e-07  52.584       -325  -52.584   0.722  0.0376   38.0     1.00       648  0.950
  13    0.0 2.9e-01   1.005       1.16 4.3171e-07  51.343       -322  -51.343   0.704  0.0425   38.0     1.00       702  0.950
  14    0.0 2.8e-01   1.083       1.22 4.8324e-07  46.657       -304  -46.657   0.815  0.0540   38.0     1.00       756  0.950
  15    0.0 2.5e-01   0.929       1.17 4.7846e-07  50.405       -316  -50.405   0.685  0.0276   38.0     1.00       810  0.900
  16    0.0 2.4e-01   1.025       1.21 4.3385e-07  52.643       -308  -52.643   0.741  0.0349   38.0     1.00       864  0.950
  17    0.0 2.3e-01   1.026       1.26 4.2853e-07  54.456       -310  -54.456   0.574  0.0394   38.0     1.00       918  0.950
  18    0.0 2.2e-01   0.936       1.19 4.5531e-07  53.681       -316  -53.681   0.759  0.0404   38.0     1.00       972  0.950
  19    0.0 2.0e-01   0.996       1.23 4.6262e-07  52.424       -326  -52.424   0.815  0.0376   38.0     1.00      1026  0.950
  20    0.0 1.8e-01   0.989       1.21 4.5613e-07  51.310       -308  -51.310   0.722  0.0322   38.0     1.00      1080  0.900
  21    0.0 1.7e-01   1.019       1.21 4.9455e-07  49.609       -314  -49.609   0.667  0.0263   38.0     1.00      1134  0.950
  22    0.0 1.7e-01   0.978       1.20 4.3069e-07  54.192       -317  -54.192   0.778  0.0377   38.0     1.00      1188  0.950
  23    0.0 1.6e-01   1.004       1.16 4.5475e-07  49.004       -307  -49.004   0.778  0.0437   38.0     1.00      1242  0.950
  24    0.0 1.5e-01   1.018       1.24 4.7948e-07  52.665       -317  -52.665   0.630  0.0353   38.0     1.00      1296  0.950
  25    0.0 1.4e-01   0.907       1.21 4.6905e-07  53.191       -339  -53.191   0.759  0.0442   38.0     1.00      1350  0.950
  26    0.0 1.4e-01   0.947       1.18 4.6738e-07  49.737       -315  -49.737   0.593  0.0489   38.0     1.00      1404  0.950
  27    0.0 1.3e-01   1.038       1.20 4.3978e-07  50.540       -303  -50.540   0.630  0.0376   38.0     1.00      1458  0.950
  28    0.0 1.2e-01   0.937       1.20 4.7465e-07  49.773       -325  -49.773   0.648  0.0700   38.0     1.00      1512  0.950
  29    0.0 1.2e-01   1.084       1.20 4.8122e-07  48.423       -302  -48.423   0.685  0.0212   38.0     1.00      1566  0.950
  30    0.0 1.1e-01   1.001       1.26 4.0995e-07  56.928       -308  -56.928   0.778  0.0449   38.0     1.00      1620  0.950
  31    0.0 1.0e-01   0.999       1.19 4.7842e-07  49.679       -309  -49.679   0.519  0.0253   38.0     1.00      1674  0.950
  32    0.0 9.9e-02   0.971       1.17 4.6583e-07  51.830       -321  -51.830   0.759  0.0354   38.0     1.00      1728  0.950
  33    0.0 9.4e-02   1.016       1.16 4.2882e-07  49.931       -306  -49.931   0.611  0.0466   38.0     1.00      1782  0.950
  34    0.0 9.0e-02   0.987       1.21 4.7306e-07  49.945       -321  -49.945   0.759  0.0497   38.0     1.00      1836  0.950
  35    0.0 8.5e-02   1.013       1.16 4.4323e-07  53.209       -320  -53.209   0.778  0.0509   38.0     1.00      1890  0.950
  36    0.0 8.1e-02   0.999       1.17 4.6146e-07  50.387       -308  -50.387   0.759  0.0358   38.0     1.00      1944  0.950
  37    0.0 7.7e-02   0.996       1.13 4.4779e-07  48.438       -305  -48.438   0.519  0.0333   38.0     1.00      1998  0.950
  38    0.0 7.3e-02   1.088       1.22 4.7928e-07  48.126       -309  -48.126   0.741  0.0463   38.0     1.00      2052  0.950
  39    0.0 6.9e-02   0.913       1.12 4.1203e-07  53.254       -316  -53.254   0.574  0.0547   38.0     1.00      2106  0.950
  40    0.0 6.6e-02   1.033       1.07 4.3137e-07  46.800       -295  -46.800   0.574  0.0305   38.0     1.00      2160  0.950
  41    0.0 6.3e-02   1.111       1.18 4.478e-07   49.580       -301  -49.580   0.630  0.0297   38.0     1.00      2214  0.950
  42    0.0 5.9e-02   0.950       1.03 4.3591e-07  43.742       -293  -43.742   0.389  0.0508   38.0     1.00      2268  0.950
  43    0.0 5.7e-02   1.043       1.18 3.6103e-07  54.949       -302  -54.949   0.574  0.0446   36.1     1.37      2322  0.950
  44    0.0 5.4e-02   1.031       1.24 4.5949e-07  52.698       -327  -52.698   0.833  0.0367   38.0     1.00      2376  0.950
  45    0.0 4.8e-02   0.938       1.17 4.2756e-07  54.218       -327  -54.218   0.593  0.0489   38.0     1.00      2430  0.900
  46    0.0 4.6e-02   0.889       1.03 3.7595e-07  54.457       -310  -54.457   0.407  0.0443   38.0     1.00      2484  0.950
  47    0.0 4.4e-02   1.016       1.17 4.1672e-07  51.572       -315  -51.572   0.593  0.0387   36.8     1.23      2538  0.950
  48    0.0 4.1e-02   0.982       1.09 4.4073e-07  49.907       -312  -49.907   0.389  0.0363   38.0     1.00      2592  0.950
  49    0.0 3.9e-02   1.001       1.16 4.2239e-07  52.004       -319  -52.004   0.593  0.0345   36.1     1.37      2646  0.950
  50    0.0 3.7e-02   0.941       1.05 4.0335e-07  49.429       -305  -49.429   0.444  0.0285   38.0     1.00      2700  0.950
  51    0.0 3.6e-02   1.038       1.12 4.2872e-07  50.141       -302  -50.141   0.500  0.0498   38.0     1.00      2754  0.950
  52    0.0 3.4e-02   1.026       1.09 4.5029e-07  45.586       -296  -45.586   0.519  0.0395   38.0     1.00      2808  0.950
  53    0.0 3.2e-02   0.940       1.06 4.1592e-07  48.218       -303  -48.218   0.370  0.0343   38.0     1.00      2862  0.950
  54    0.0 3.0e-02   1.030       1.09 3.8533e-07  47.634       -297  -47.634   0.407  0.0417   35.4     1.50      2916  0.950
  55    0.0 2.9e-02   0.916       1.10 3.0977e-07  55.339       -319  -55.339   0.444  0.0329   34.2     1.72      2970  0.950
  56    0.0 2.7e-02   0.965       1.01 3.4372e-07  46.250       -289  -46.250   0.370  0.0335   34.4     1.69      3024  0.950
  57    0.0 2.6e-02   0.974       1.09 3.8525e-07  45.766       -297  -45.766   0.389  0.0294   32.0     2.14      3078  0.950
  58    0.0 2.5e-02   1.015       1.10 3.4442e-07  47.400       -303  -47.400   0.370  0.0302   30.3     2.45      3132  0.950
  59    0.0 2.4e-02   0.986       1.13 3.6467e-07  45.494       -292  -45.494   0.463  0.0272   28.2     2.85      3186  0.950
  60    0.0 2.2e-02   0.969       1.06 3.0229e-07  48.761       -301  -48.761   0.315  0.0285   28.9     2.73      3240  0.950
  61    0.0 2.1e-02   0.943       0.98 2.7513e-07  47.258       -295  -47.258   0.259  0.0401   25.3     3.41      3294  0.950
  62    0.0 2.0e-02   1.085       1.01 2.2804e-07  45.464       -282  -45.464   0.370  0.0347   20.7     4.28      3348  0.950
  63    0.0 1.9e-02   0.913       0.91 2.7249e-07  44.406       -295  -44.406   0.167  0.0511   19.2     4.55      3402  0.950
  64    0.0 1.8e-02   1.023       0.87 2.3005e-07  42.873       -281  -42.873   0.148  0.0183   14.0     5.54      3456  0.950
  65    0.0 1.7e-02   1.002       0.94 1.4463e-07  47.445       -288  -47.445   0.481  0.0073    9.9     6.32      3510  0.950
  66    0.0 1.6e-02   1.029       1.02 1.8602e-07  45.822       -286  -45.822   0.444  0.0205   10.3     6.24      3564  0.950
  67    0.0 1.6e-02   0.996       0.97 2.8025e-07  44.209       -295  -44.209   0.500  0.0309   10.4     6.23      3618  0.950
  68    0.0 1.5e-02   0.904       0.90 1.8459e-07  46.131       -296  -46.131   0.278  0.0402   11.0     6.11      3672  0.950
  69    0.0 1.4e-02   1.004       0.88 2.0018e-07  43.874       -282  -43.874   0.333  0.0142    9.2     6.45      3726  0.950
  70    0.0 1.3e-02   0.992       0.87 2.1438e-07  42.885       -282  -42.885   0.370  0.0131    8.2     6.63      3780  0.950
  71    0.0 1.3e-02   1.027       0.89 2.3182e-07  43.148       -285  -43.148   0.407  0.0210    7.6     6.74      3834  0.950
  72    0.0 1.2e-02   0.995       0.94 1.9819e-07  45.856       -296  -45.856   0.352  0.0088    7.4     6.79      3888  0.950
  73    0.0 1.1e-02   0.960       0.92 1.9669e-07  45.856       -292  -45.856   0.444  0.0230    6.7     6.91      3942  0.950
  74    0.0 1.1e-02   0.980       0.91 2.3895e-07  43.919       -295  -43.919   0.556  0.0183    6.8     6.91      3996  0.950
  75    0.0 1.0e-02   1.021       0.95 2.2127e-07  43.742       -287  -43.742   0.370  0.0209    7.6     6.76      4050  0.950
  76    0.0 9.9e-03   0.964       0.96 2.5785e-07  43.361       -291  -43.361   0.537  0.0247    7.0     6.86      4104  0.950
  77    0.0 9.4e-03   0.997       0.94 2.0993e-07  45.172       -296  -45.172   0.389  0.0138    7.7     6.73      4158  0.950
  78    0.0 8.9e-03   1.050       0.99 2.1006e-07  46.079       -301  -46.079   0.407  0.0307    7.3     6.80      4212  0.950
  79    0.0 8.4e-03   0.992       1.02 1.7973e-07  47.907       -299  -47.907   0.537  0.0153    7.1     6.85      4266  0.950
  80    0.0 8.0e-03   0.988       0.97 1.6832e-07  47.907       -299  -47.907   0.481  0.0127    7.8     6.72      4320  0.950
  81    0.0 7.6e-03   0.983       0.99 1.9064e-07  45.657       -293  -45.657   0.407  0.0101    8.1     6.66      4374  0.950
  82    0.0 7.2e-03   0.964       0.96 2.4115e-07  43.234       -286  -43.234   0.370  0.0223    7.8     6.71      4428  0.950
  83    0.0 6.9e-03   0.964       0.89 1.9096e-07  43.361       -280  -43.361   0.278  0.0234    7.3     6.81      4482  0.950
  84    0.0 6.5e-03   0.972       0.84 1.9694e-07  42.364       -277  -42.364   0.296  0.0113    6.1     7.03      4536  0.950
  85    0.0 6.2e-03   1.004       0.83 2.1863e-07  42.364       -281  -42.364   0.333  0.0076    5.2     7.20      4590  0.950
  86    0.0 5.9e-03   0.994       0.84 1.8417e-07  43.650       -283  -43.650   0.389  0.0071    4.7     7.31      4644  0.950
  87    0.0 5.6e-03   0.998       0.83 1.8766e-07  42.961       -281  -42.961   0.370  0.0122    4.4     7.35      4698  0.950
  88    0.0 5.3e-03   0.999       0.83 1.8548e-07  42.957       -280  -42.957   0.463  0.0075    4.1     7.41      4752  0.950
  89    0.0 5.1e-03   0.981       0.82 1.7205e-07  43.477       -280  -43.477   0.352  0.0157    4.2     7.39      4806  0.950
  90    0.0 4.8e-03   0.991       0.81 1.6932e-07  43.680       -280  -43.680   0.389  0.0081    3.8     7.46      4860  0.950
  91    0.0 4.6e-03   0.988       0.81 1.8438e-07  42.364       -275  -42.364   0.315  0.0047    3.6     7.50      4914  0.950
  92    0.0 4.3e-03   1.003       0.82 1.8419e-07  42.364       -276  -42.364   0.278  0.0122    3.2     7.59      4968  0.950
  93    0.0 4.1e-03   0.973       0.81 1.9415e-07  42.420       -279  -42.420   0.426  0.0172    2.7     7.68      5022  0.950
  94    0.0 3.9e-03   1.014       0.81 1.5106e-07  44.032       -276  -44.032   0.296  0.0064    2.6     7.69      5076  0.950
  95    0.0 3.7e-03   0.998       0.80 1.3496e-07  44.192       -274  -44.192   0.426  0.0047    2.3     7.76      5130  0.950
  96    0.0 3.5e-03   1.000       0.79 1.5547e-07  44.032       -278  -44.032   0.241  0.0073    2.2     7.77      5184  0.950
  97    0.0 3.4e-03   0.997       0.82 1.49e-07    44.032       -279  -44.032   0.352  0.0067    1.8     7.85      5238  0.950
  98    0.0 3.2e-03   0.992       0.82 1.6725e-07  43.091       -277  -43.091   0.500  0.0041    1.6     7.88      5292  0.950
  99    0.0 3.0e-03   0.997       0.82 1.5328e-07  43.421       -277  -43.421   0.278  0.0044    1.7     7.86      5346  0.950
 100    0.0 2.9e-03   0.994       0.83 1.3335e-07  43.421       -273  -43.421   0.241  0.0036    1.4     7.92      5400  0.950
 101    0.0 2.7e-03   1.004       0.83 1.3715e-07  43.421       -274  -43.421   0.407  0.0035    1.2     7.97      5454  0.950
 102    0.0 2.6e-03   0.993       0.83 1.4099e-07  43.421       -272  -43.421   0.389  0.0034    1.1     7.98      5508  0.950
 103    0.0 2.5e-03   0.992       0.81 1.4591e-07  43.421       -276  -43.421   0.370  0.0031    1.1     7.99      5562  0.950
 104    0.0 2.3e-03   1.010       0.82 1.4355e-07  43.421       -273  -43.421   0.426  0.0052    1.0     8.00      5616  0.950
 105    0.0 2.2e-03   0.994       0.83 1.5598e-07  43.421       -280  -43.421   0.481  0.0063    1.0     8.00      5670  0.950
 106    0.0 2.1e-03   0.995       0.82 1.4205e-07  43.421       -275  -43.421   0.315  0.0025    1.0     7.99      5724  0.950
 107    0.0 2.0e-03   1.000       0.81 1.4226e-07  43.421       -275  -43.421   0.296  0.0019    1.0     8.00      5778  0.950
 108    0.0 1.9e-03   1.003       0.81 1.3494e-07  43.421       -273  -43.421   0.278  0.0026    1.0     8.00      5832  0.950
 109    0.0 1.8e-03   0.997       0.80 1.3452e-07  43.421       -273  -43.421   0.296  0.0024    1.0     8.00      5886  0.950
 110    0.0 1.7e-03   0.992       0.80 1.4052e-07  43.421       -275  -43.421   0.296  0.0043    1.0     8.00      5940  0.950
 111    0.0 1.6e-03   0.987       0.79 1.4424e-07  43.421       -275  -43.421   0.352  0.0041    1.0     8.00      5994  0.950
 112    0.0 1.6e-03   1.000       0.79 1.3419e-07  43.421       -271  -43.421   0.130  0.0015    1.0     8.00      6048  0.950
 113    0.0 1.2e-03   0.995       0.79 1.3591e-07  43.421       -273  -43.421   0.056  0.0041    1.0     8.00      6102  0.800
 114    0.0 9.9e-04   1.000       0.79 1.2805e-07  43.421       -270  -43.421   0.074  0.0012    1.0     8.00      6156  0.800
 115    0.0 8.0e-04   0.998       0.78 1.3318e-07  43.421       -271  -43.421   0.037  0.0015    1.0     8.00      6210  0.800
 116    0.0 6.4e-04   1.000       0.78 1.3195e-07  43.421       -272  -43.421   0.074  0.0003    1.0     8.00      6264  0.800
 117    0.0 5.1e-04   0.997       0.79 1.3288e-07  43.421       -271  -43.421   0.074  0.0011    1.0     8.00      6318  0.800
 118    0.0 4.1e-04   1.000       0.78 1.3191e-07  43.421       -272  -43.421   0.037  0.0001    1.0     8.00      6372  0.800
 119    0.0 0.0e+00   0.997       0.79 1.327e-07   43.421       -271  -43.421   0.074  0.0017    1.0     8.00      6426  0.800
## Placement Quench took 0.00 seconds (max_rss 401.4 MiB)

BB estimate of min-dist (placement) wire length: 526

Completed placement consistency check successfully.

Swaps called: 6446

Aborted Move Reasons:
  No moves aborted

Placement estimated critical path delay (least slack): 43.4214 ns, Fmax: 23.0301 MHz
Placement estimated setup Worst Negative Slack (sWNS): -43.4214 ns
Placement estimated setup Total Negative Slack (sTNS): -270.542 ns

Placement estimated setup slack histogram:
[ -4.3e-08: -4.3e-08) 1 ( 14.3%) |****************
[ -4.3e-08: -4.2e-08) 0 (  0.0%) |
[ -4.2e-08: -4.1e-08) 0 (  0.0%) |
[ -4.1e-08: -4.1e-08) 0 (  0.0%) |
[ -4.1e-08:   -4e-08) 0 (  0.0%) |
[   -4e-08: -3.9e-08) 0 (  0.0%) |
[ -3.9e-08: -3.9e-08) 1 ( 14.3%) |****************
[ -3.9e-08: -3.8e-08) 1 ( 14.3%) |****************
[ -3.8e-08: -3.7e-08) 1 ( 14.3%) |****************
[ -3.7e-08: -3.7e-08) 3 ( 42.9%) |*************************************************

Placement estimated geomean non-virtual intra-domain period: nan ns (nan MHz)
Placement estimated fanout-weighted geomean non-virtual intra-domain period: nan ns (nan MHz)

Placement cost: 0.99474, bb_cost: 0.786047, td_cost: 1.27158e-07, 

Placement resource usage:
  PB-SYN_GND implemented as TL-SYN_GND: 1
  PB-BIDIR   implemented as TL-BIDIR  : 8
  PB-LOGIC   implemented as TL-LOGIC  : 7
  PB-SDIOMUX implemented as TL-SDIOMUX: 3
  PB-SYN_VCC implemented as TL-SYN_VCC: 1

Placement number of temperatures: 119
Placement total # of swap attempts: 6446
	Swaps accepted: 3102 (48.1 %)
	Swaps rejected: 1941 (30.1 %)
	Swaps aborted : 1403 (21.8 %)
Placement Quench timing analysis took 0.000112625 seconds (8.3958e-05 STA, 2.8667e-05 slack) (1 full updates: 1 setup, 0 hold, 0 combined).
Placement Total  timing analysis took 0.0152954 seconds (0.011079 STA, 0.00421639 slack) (121 full updates: 121 setup, 0 hold, 0 combined).
update_td_costs: connections 0 nets 0 sum_nets 0 total 0
Incr Slack updates 121 in 0.00175717 sec
Full Max Req/Worst Slack updates 59 in 9.9315e-05 sec
Incr Max Req/Worst Slack updates 62 in 8.4008e-05 sec
Incr Criticality updates 26 in 0.000420018 sec
Full Criticality updates 95 in 0.00160409 sec
# Placement took 1.22 seconds (max_rss 401.4 MiB, delta_rss +49.7 MiB)

Flow timing analysis took 0.0152954 seconds (0.011079 STA, 0.00421639 slack) (121 full updates: 121 setup, 0 hold, 0 combined).
VPR succeeded
The entire flow of VPR took 45.50 seconds (max_rss 401.4 MiB)
