#Timing report of worst 7 path(s)
# Unit scale: 1e-09 seconds
# Output precision: 3

#Path 1
Startpoint: Z.inpad[0] (.input clocked by virtual_io_clock)
Endpoint  : out:e.outpad[0] (.output clocked by virtual_io_clock)
Path Type : setup

Point                                                                        Incr      Path
-------------------------------------------------------------------------------------------
clock virtual_io_clock (rise edge)                                          0.000     0.000
clock source latency                                                        0.000     0.000
input external delay                                                        0.000     0.000
Z.inpad[0] (.input)                                                         0.000     0.000
$iopadmap$helloworldfpga.Z.I_PAD_$inp[0] (BIDIR_CELL)                       0.000     0.000
$iopadmap$helloworldfpga.Z.I_DAT[0] (BIDIR_CELL)                           10.958    10.958
e_LUT4_O.c_frag.TBS[0] (C_FRAG)                                            10.467    21.425
e_LUT4_O.c_frag.CZ[0] (C_FRAG)                                              0.996    22.421
$iopadmap$helloworldfpga.e.O_DAT[0] (BIDIR_CELL)                           10.384    32.805
$iopadmap$helloworldfpga.e.O_PAD_$out[0] (BIDIR_CELL)                       9.809    42.614
out:e.outpad[0] (.output)                                                   0.000    42.614
data arrival time                                                                    42.614

clock virtual_io_clock (rise edge)                                          0.000     0.000
clock source latency                                                        0.000     0.000
clock uncertainty                                                           0.000     0.000
output external delay                                                       0.000     0.000
data required time                                                                    0.000
-------------------------------------------------------------------------------------------
data required time                                                                    0.000
data arrival time                                                                   -42.614
-------------------------------------------------------------------------------------------
slack (VIOLATED)                                                                    -42.614


#Path 2
Startpoint: Z.inpad[0] (.input clocked by virtual_io_clock)
Endpoint  : out:b.outpad[0] (.output clocked by virtual_io_clock)
Path Type : setup

Point                                                                          Incr      Path
---------------------------------------------------------------------------------------------
clock virtual_io_clock (rise edge)                                            0.000     0.000
clock source latency                                                          0.000     0.000
input external delay                                                          0.000     0.000
Z.inpad[0] (.input)                                                           0.000     0.000
$iopadmap$helloworldfpga.Z.I_PAD_$inp[0] (BIDIR_CELL)                         0.000     0.000
$iopadmap$helloworldfpga.Z.I_DAT[0] (BIDIR_CELL)                             10.958    10.958
b_LUT4_O.c_frag.TBS[0] (C_FRAG)                                              10.827    21.785
b_LUT4_O.c_frag.CZ[0] (C_FRAG)                                                0.996    22.781
$iopadmap$helloworldfpga.b.O_DAT[0] (SDIOMUX_CELL)                            7.105    29.886
$iopadmap$helloworldfpga.b.O_PAD_$out[0] (SDIOMUX_CELL)                       9.750    39.636
out:b.outpad[0] (.output)                                                     0.000    39.636
data arrival time                                                                      39.636

clock virtual_io_clock (rise edge)                                            0.000     0.000
clock source latency                                                          0.000     0.000
clock uncertainty                                                             0.000     0.000
output external delay                                                         0.000     0.000
data required time                                                                      0.000
---------------------------------------------------------------------------------------------
data required time                                                                      0.000
data arrival time                                                                     -39.636
---------------------------------------------------------------------------------------------
slack (VIOLATED)                                                                      -39.636


#Path 3
Startpoint: Z.inpad[0] (.input clocked by virtual_io_clock)
Endpoint  : out:c.outpad[0] (.output clocked by virtual_io_clock)
Path Type : setup

Point                                                                        Incr      Path
-------------------------------------------------------------------------------------------
clock virtual_io_clock (rise edge)                                          0.000     0.000
clock source latency                                                        0.000     0.000
input external delay                                                        0.000     0.000
Z.inpad[0] (.input)                                                         0.000     0.000
$iopadmap$helloworldfpga.Z.I_PAD_$inp[0] (BIDIR_CELL)                       0.000     0.000
$iopadmap$helloworldfpga.Z.I_DAT[0] (BIDIR_CELL)                           10.958    10.958
c_LUT4_O.c_frag.TBS[0] (C_FRAG)                                            10.880    21.838
c_LUT4_O.c_frag.CZ[0] (C_FRAG)                                              0.996    22.833
$iopadmap$helloworldfpga.c.O_DAT[0] (BIDIR_CELL)                            6.184    29.018
$iopadmap$helloworldfpga.c.O_PAD_$out[0] (BIDIR_CELL)                       9.809    38.827
out:c.outpad[0] (.output)                                                   0.000    38.827
data arrival time                                                                    38.827

clock virtual_io_clock (rise edge)                                          0.000     0.000
clock source latency                                                        0.000     0.000
clock uncertainty                                                           0.000     0.000
output external delay                                                       0.000     0.000
data required time                                                                    0.000
-------------------------------------------------------------------------------------------
data required time                                                                    0.000
data arrival time                                                                   -38.827
-------------------------------------------------------------------------------------------
slack (VIOLATED)                                                                    -38.827


#Path 4
Startpoint: Z.inpad[0] (.input clocked by virtual_io_clock)
Endpoint  : out:a.outpad[0] (.output clocked by virtual_io_clock)
Path Type : setup

Point                                                                          Incr      Path
---------------------------------------------------------------------------------------------
clock virtual_io_clock (rise edge)                                            0.000     0.000
clock source latency                                                          0.000     0.000
input external delay                                                          0.000     0.000
Z.inpad[0] (.input)                                                           0.000     0.000
$iopadmap$helloworldfpga.Z.I_PAD_$inp[0] (BIDIR_CELL)                         0.000     0.000
$iopadmap$helloworldfpga.Z.I_DAT[0] (BIDIR_CELL)                             10.958    10.958
a_LUT4_O.c_frag.TBS[0] (C_FRAG)                                               9.568    20.526
a_LUT4_O.c_frag.CZ[0] (C_FRAG)                                                0.996    21.521
$iopadmap$helloworldfpga.a.O_DAT[0] (SDIOMUX_CELL)                            7.179    28.701
$iopadmap$helloworldfpga.a.O_PAD_$out[0] (SDIOMUX_CELL)                       9.750    38.451
out:a.outpad[0] (.output)                                                     0.000    38.451
data arrival time                                                                      38.451

clock virtual_io_clock (rise edge)                                            0.000     0.000
clock source latency                                                          0.000     0.000
clock uncertainty                                                             0.000     0.000
output external delay                                                         0.000     0.000
data required time                                                                      0.000
---------------------------------------------------------------------------------------------
data required time                                                                      0.000
data arrival time                                                                     -38.451
---------------------------------------------------------------------------------------------
slack (VIOLATED)                                                                      -38.451


#Path 5
Startpoint: W.inpad[0] (.input clocked by virtual_io_clock)
Endpoint  : out:d.outpad[0] (.output clocked by virtual_io_clock)
Path Type : setup

Point                                                                          Incr      Path
---------------------------------------------------------------------------------------------
clock virtual_io_clock (rise edge)                                            0.000     0.000
clock source latency                                                          0.000     0.000
input external delay                                                          0.000     0.000
W.inpad[0] (.input)                                                           0.000     0.000
$iopadmap$helloworldfpga.W.I_PAD_$inp[0] (SDIOMUX_CELL)                       0.000     0.000
$iopadmap$helloworldfpga.W.I_DAT[0] (SDIOMUX_CELL)                           13.945    13.945
d_LUT4_O.c_frag.TA2[0] (C_FRAG)                                               6.888    20.833
d_LUT4_O.c_frag.CZ[0] (C_FRAG)                                                1.705    22.539
$iopadmap$helloworldfpga.d.O_DAT[0] (BIDIR_CELL)                              5.358    27.896
$iopadmap$helloworldfpga.d.O_PAD_$out[0] (BIDIR_CELL)                         9.809    37.705
out:d.outpad[0] (.output)                                                     0.000    37.705
data arrival time                                                                      37.705

clock virtual_io_clock (rise edge)                                            0.000     0.000
clock source latency                                                          0.000     0.000
clock uncertainty                                                             0.000     0.000
output external delay                                                         0.000     0.000
data required time                                                                      0.000
---------------------------------------------------------------------------------------------
data required time                                                                      0.000
data arrival time                                                                     -37.705
---------------------------------------------------------------------------------------------
slack (VIOLATED)                                                                      -37.705


#Path 6
Startpoint: Z.inpad[0] (.input clocked by virtual_io_clock)
Endpoint  : out:g.outpad[0] (.output clocked by virtual_io_clock)
Path Type : setup

Point                                                                        Incr      Path
-------------------------------------------------------------------------------------------
clock virtual_io_clock (rise edge)                                          0.000     0.000
clock source latency                                                        0.000     0.000
input external delay                                                        0.000     0.000
Z.inpad[0] (.input)                                                         0.000     0.000
$iopadmap$helloworldfpga.Z.I_PAD_$inp[0] (BIDIR_CELL)                       0.000     0.000
$iopadmap$helloworldfpga.Z.I_DAT[0] (BIDIR_CELL)                           10.958    10.958
g_LUT4_O.c_frag.TAB[0] (C_FRAG)                                             9.882    20.840
g_LUT4_O.c_frag.CZ[0] (C_FRAG)                                              1.437    22.278
$iopadmap$helloworldfpga.g.O_DAT[0] (BIDIR_CELL)                            4.675    26.952
$iopadmap$helloworldfpga.g.O_PAD_$out[0] (BIDIR_CELL)                       9.809    36.761
out:g.outpad[0] (.output)                                                   0.000    36.761
data arrival time                                                                    36.761

clock virtual_io_clock (rise edge)                                          0.000     0.000
clock source latency                                                        0.000     0.000
clock uncertainty                                                           0.000     0.000
output external delay                                                       0.000     0.000
data required time                                                                    0.000
-------------------------------------------------------------------------------------------
data required time                                                                    0.000
data arrival time                                                                   -36.761
-------------------------------------------------------------------------------------------
slack (VIOLATED)                                                                    -36.761


#Path 7
Startpoint: Z.inpad[0] (.input clocked by virtual_io_clock)
Endpoint  : out:f.outpad[0] (.output clocked by virtual_io_clock)
Path Type : setup

Point                                                                        Incr      Path
-------------------------------------------------------------------------------------------
clock virtual_io_clock (rise edge)                                          0.000     0.000
clock source latency                                                        0.000     0.000
input external delay                                                        0.000     0.000
Z.inpad[0] (.input)                                                         0.000     0.000
$iopadmap$helloworldfpga.Z.I_PAD_$inp[0] (BIDIR_CELL)                       0.000     0.000
$iopadmap$helloworldfpga.Z.I_DAT[0] (BIDIR_CELL)                           10.958    10.958
f_LUT4_O.c_frag.TA2[0] (C_FRAG)                                             9.044    20.002
f_LUT4_O.c_frag.CZ[0] (C_FRAG)                                              1.705    21.707
$iopadmap$helloworldfpga.f.O_DAT[0] (BIDIR_CELL)                            4.371    26.078
$iopadmap$helloworldfpga.f.O_PAD_$out[0] (BIDIR_CELL)                       9.809    35.887
out:f.outpad[0] (.output)                                                   0.000    35.887
data arrival time                                                                    35.887

clock virtual_io_clock (rise edge)                                          0.000     0.000
clock source latency                                                        0.000     0.000
clock uncertainty                                                           0.000     0.000
output external delay                                                       0.000     0.000
data required time                                                                    0.000
-------------------------------------------------------------------------------------------
data required time                                                                    0.000
data arrival time                                                                   -35.887
-------------------------------------------------------------------------------------------
slack (VIOLATED)                                                                    -35.887


#End of timing report
