VPR FPGA Placement and Routing.
Version: 8.1.0-dev+dadca7ecf
Revision: v8.0.0-rc2-2894-gdadca7ecf
Compiled: 2020-10-14T15:08:54
Compiler: GNU 7.3.0 on Linux-4.15.0-1028-gcp x86_64
Build Info: Release IPO VTR_ASSERT_LEVEL=2

University of Toronto
verilogtorouting.org
vtr-users@googlegroups.com
This is free open source code under MIT license.

VPR was run with the following command-line:
vpr /home/deekshitha/qorc-sdk/fpga_toolchain_install/v1.3.1/quicklogic-arch-defs/share/arch/ql-eos-s3_wlcsp/arch.timing.xml helloworldfpga.eblif --device ql-eos-s3 --max_router_iterations 500 --routing_failure_predictor off --router_high_fanout_threshold -1 --constant_net_method route --route_chan_width 100 --clock_modeling route --place_delay_model delta_override --router_lookahead map --check_route quick --strict_checks off --allow_dangling_combinational_nodes on --disable_errors check_unbuffered_edges:check_route --congested_routing_iteration_threshold 0.8 --incremental_reroute_delay_ripup off --base_cost_type delay_normalized_length_bounded --bb_factor 10 --initial_pres_fac 4.0 --check_rr_graph off --suppress_warnings ,sum_pin_class:check_unbuffered_edges:load_rr_indexed_data_T_values:check_rr_node:trans_per_R:check_route:set_rr_graph_tool_comment:warn_model_missing_timing --read_rr_graph /home/deekshitha/qorc-sdk/fpga_toolchain_install/v1.3.1/quicklogic-arch-defs/share/arch/ql-eos-s3_wlcsp/rr_graph_ql-eos-s3_wlcsp.rr_graph.real.bin --read_placement_delay_lookup /home/deekshitha/qorc-sdk/fpga_toolchain_install/v1.3.1/quicklogic-arch-defs/share/arch/ql-eos-s3_wlcsp/rr_graph_ql-eos-s3_wlcsp.place_delay.bin --sdc_file /home/deekshitha/qorc-sdk/fpga-examples/blink/build/helloworldfpga_dummy.sdc --route

Using up to 1 parallel worker(s)

Architecture file: /home/deekshitha/qorc-sdk/fpga_toolchain_install/v1.3.1/quicklogic-arch-defs/share/arch/ql-eos-s3_wlcsp/arch.timing.xml
Circuit name: helloworldfpga

# Loading Architecture Description
# Loading Architecture Description took 0.77 seconds (max_rss 30.9 MiB, delta_rss +24.5 MiB)
# Building complex block graph
# Building complex block graph took 0.16 seconds (max_rss 39.8 MiB, delta_rss +8.9 MiB)
# Load circuit
# Load circuit took 0.02 seconds (max_rss 41.0 MiB, delta_rss +1.2 MiB)
# Clean circuit
Absorbed 827 LUT buffers
Inferred  106 additional primitive pins as constant generators since they have no combinationally connected inputs
Inferred   39 additional primitive pins as constant generators due to constant inputs
Inferred    0 additional primitive pins as constant generators since they have no combinationally connected inputs
Inferred    0 additional primitive pins as constant generators due to constant inputs
Inferred    0 additional primitive pins as constant generators since they have no combinationally connected inputs
Inferred    0 additional primitive pins as constant generators due to constant inputs
Swept input(s)      : 0
Swept output(s)     : 0 (0 dangling, 0 constant)
Swept net(s)        : 141
Swept block(s)      : 1
Constant Pins Marked: 145
# Clean circuit took 0.01 seconds (max_rss 41.9 MiB, delta_rss +0.8 MiB)
# Compress circuit
# Compress circuit took 0.00 seconds (max_rss 41.9 MiB, delta_rss +0.0 MiB)
# Verify circuit
# Verify circuit took 0.00 seconds (max_rss 41.9 MiB, delta_rss +0.0 MiB)
Circuit Statistics:
  Blocks: 112
    .output   :       3
    ASSP      :       1
    BIDIR_CELL:       3
    C_FRAG    :      13
    F_FRAG    :       1
    GND       :       1
    Q_FRAG    :      28
    T_FRAG    :      61
    VCC       :       1
  Nets  : 109
    Avg Fanout:     8.9
    Max Fanout:   455.0
    Min Fanout:     1.0
  Netlist Clocks: 1
# Build Timing Graph
  Timing Graph Nodes: 1077
  Timing Graph Edges: 1713
  Timing Graph Levels: 24
# Build Timing Graph took 0.00 seconds (max_rss 41.9 MiB, delta_rss +0.0 MiB)
Netlist contains 1 clocks
  Netlist Clock 'clk' Fanout: 28 pins (2.6%), 28 blocks (25.0%)
# Load Timing Constraints

SDC file '/home/deekshitha/qorc-sdk/fpga-examples/blink/build/helloworldfpga_dummy.sdc' contained no SDC commands
Setting default timing constraints:
   * constrain all primay inputs and primary outputs on netlist clock 'clk'
   * optimize netlist clock to run as fast as possible
Timing constraints created 1 clocks
  Constrained Clock 'clk' Source: 'u_qlal4s3b_cell_macro.Sys_Clk0[0]'

# Load Timing Constraints took 0.00 seconds (max_rss 41.9 MiB, delta_rss +0.0 MiB)
Timing analysis: ON
Circuit netlist file: helloworldfpga.net
Circuit placement file: helloworldfpga.place
Circuit routing file: helloworldfpga.route
Circuit SDC file: /home/deekshitha/qorc-sdk/fpga-examples/blink/build/helloworldfpga_dummy.sdc

Packer: ENABLED
Placer: ENABLED
Router: ENABLED
Analysis: ENABLED

NetlistOpts.abosrb_buffer_luts            : true
NetlistOpts.sweep_dangling_primary_ios    : true
NetlistOpts.sweep_dangling_nets           : true
NetlistOpts.sweep_dangling_blocks         : true
NetlistOpts.sweep_constant_primary_outputs: false
NetlistOpts.netlist_verbosity             : 1
NetlistOpts.const_gen_inference           : COMB_SEQ

PackerOpts.allow_unrelated_clustering: auto
PackerOpts.alpha_clustering: 0.750000
PackerOpts.beta_clustering: 0.900000
PackerOpts.cluster_seed_type: BLEND2
PackerOpts.connection_driven: true
PackerOpts.global_clocks: true
PackerOpts.hill_climbing_flag: false
PackerOpts.inter_cluster_net_delay: 1.000000
PackerOpts.timing_driven: true
PackerOpts.target_external_pin_util: auto

PlacerOpts.place_freq: PLACE_ONCE
PlacerOpts.place_algorithm: CRITICALITY_TIMING_PLACE
PlacerOpts.pad_loc_type: FREE
PlacerOpts.constraints_file: No constraints file given
PlacerOpts.place_cost_exp: 1.000000
PlacerOpts.place_chan_width: 100
PlacerOpts.inner_loop_recompute_divider: 0
PlacerOpts.recompute_crit_iter: 1
PlacerOpts.timing_tradeoff: 0.500000
PlacerOpts.td_place_exp_first: 1.000000
PlacerOpts.td_place_exp_last: 8.000000
PlacerOpts.delay_offset: 0.000000
PlacerOpts.delay_ramp_delta_threshold: -1
PlacerOpts.delay_ramp_slope: 0.000000
PlacerOpts.tsu_rel_margin: 1.000000
PlacerOpts.tsu_abs_margin: 0.000000
PlacerOpts.post_place_timing_report_file: 
PlacerOpts.allowed_tiles_for_delay_model: 
PlacerOpts.delay_model_reducer: MIN
PlacerOpts.delay_model_type: DELTA_OVERRIDE
PlacerOpts.rlim_escape_fraction: 0.000000
PlacerOpts.move_stats_file: 
PlacerOpts.placement_saves_per_temperature: 0
PlacerOpts.effort_scaling: CIRCUIT
PlacerOpts.place_delta_delay_matrix_calculation_method: ASTAR_ROUTE
PlaceOpts.seed: 1
AnnealSched.type: AUTO_SCHED
AnnealSched.inner_num: 1.000000

RouterOpts.route_type: DETAILED
RouterOpts.router_algorithm: TIMING_DRIVEN
RouterOpts.base_cost_type: DELAY_NORMALIZED_LENGTH_BOUNDED
RouterOpts.fixed_channel_width: 100
RouterOpts.check_route: QUICK
RouterOpts.trim_empty_chan: false
RouterOpts.trim_obs_chan: false
RouterOpts.acc_fac: 1.000000
RouterOpts.bb_factor: 10
RouterOpts.bend_cost: 0.000000
RouterOpts.first_iter_pres_fac: 0.000000
RouterOpts.initial_pres_fac: 4.000000
RouterOpts.pres_fac_mult: 1.300000
RouterOpts.max_router_iterations: 500
RouterOpts.min_incremental_reroute_fanout: 16
RouterOpts.do_check_rr_graph: false
RouterOpts.verify_binary_search: false
RouterOpts.min_channel_width_hint: 0
RouterOpts.read_rr_edge_metadata: false
RouterOpts.exit_after_first_routing_iteration: false
RouterOpts.astar_fac: 1.200000
RouterOpts.criticality_exp: 1.000000
RouterOpts.max_criticality: 0.990000
RouterOpts.init_wirelength_abort_threshold: 0.850000
RouterOpts.save_routing_per_iteration: false
RouterOpts.congested_routing_iteration_threshold_frac: 0.800000
RouterOpts.high_fanout_threshold: -1
RouterOpts.router_debug_net: -2
RouterOpts.router_debug_sink_rr: -2
RouterOpts.router_debug_iteration: -2
RouterOpts.max_convergence_count: 1
RouterOpts.reconvergence_cpd_threshold: 0.990000
RouterOpts.update_lower_bound_delays: true
RouterOpts.first_iteration_timing_report_file: 
RouterOpts.incr_reroute_delay_ripup: OFF
RouterOpts.route_bb_update: DYNAMIC
RouterOpts.lookahead_type: MAP
RouterOpts.initial_timing: LOOKAHEAD
RouterOpts.router_heap: BINARY_HEAP
RouterOpts.routing_failure_predictor = OFF
RouterOpts.routing_budgets_algorithm = DISABLE

AnalysisOpts.gen_post_synthesis_netlist: false
AnalysisOpts.timing_report_npaths: 100
AnalysisOpts.timing_report_skew: false
AnalysisOpts.echo_dot_timing_graph_node: -1
AnalysisOpts.timing_report_detail: NETLIST

RoutingArch.directionality: BI_DIRECTIONAL
RoutingArch.switch_block_type: WILTON
RoutingArch.Fs: 3

# Load Packing
Begin loading packed FPGA netlist file.
Netlist generated from file 'helloworldfpga.net'.
Detected 2 constant generators (to see names run with higher pack verbosity)
Finished loading packed FPGA netlist file (took 0.056448 seconds).
# Load Packing took 0.06 seconds (max_rss 43.2 MiB, delta_rss +1.3 MiB)
Warning 1: Netlist contains 0 global net to non-global architecture pin connections
Warning 2: Logic block #48 ($false) has only 1 output pin '$false.GND0_GND[0]'. It may be a constant generator.
Warning 3: Logic block #49 ($true) has only 1 output pin '$true.VCC0_VCC[0]'. It may be a constant generator.

Netlist num_nets: 81
Netlist num_blocks: 50
Netlist EMPTY blocks: 0.
Netlist PB-SYN_GND blocks: 1.
Netlist PB-BIDIR blocks: 3.
Netlist PB-ASSP blocks: 1.
Netlist PB-LOGIC blocks: 44.
Netlist PB-SDIOMUX blocks: 0.
Netlist PB-MULT blocks: 0.
Netlist PB-GMUX blocks: 0.
Netlist PB-CLOCK blocks: 0.
Netlist PB-RAM blocks: 0.
Netlist PB-SYN_VCC blocks: 1.
Netlist inputs pins: 0
Netlist output pins: 9


Pb types usage...
  PB-SYN_GND        : 1
   GND              : 1
  PB-BIDIR          : 3
   BIDIR            : 3
    OUTPUT          : 3
     bidir          : 3
     outpad         : 3
  PB-ASSP           : 1
   ASSP             : 1
  PB-LOGIC          : 44
   LOGIC            : 44
    FRAGS           : 44
     c_frag_modes   : 44
      SINGLE        : 13
       c_frag       : 13
      SPLIT         : 31
       b_frag       : 31
       t_frag       : 30
     f_frag         : 1
     q_frag_modes   : 28
      INT           : 25
       q_frag       : 25
      EXT           : 3
       q_frag       : 3
  PB-SYN_VCC        : 1
   VCC              : 1

# Create Device
## Build Device Grid
FPGA sized to 39 x 35: 1365 grid tiles (ql-eos-s3)

Resource usage...
	Netlist
		1	blocks of type: PB-SYN_GND
	Architecture
		1	blocks of type: TL-SYN_GND
	Netlist
		3	blocks of type: PB-BIDIR
	Architecture
		32	blocks of type: TL-BIDIR
	Netlist
		1	blocks of type: PB-ASSP
	Architecture
		1	blocks of type: TL-ASSP
	Netlist
		44	blocks of type: PB-LOGIC
	Architecture
		891	blocks of type: TL-LOGIC
	Netlist
		0	blocks of type: PB-SDIOMUX
	Architecture
		14	blocks of type: TL-SDIOMUX
	Netlist
		0	blocks of type: PB-MULT
	Architecture
		2	blocks of type: TL-MULT
	Netlist
		0	blocks of type: PB-GMUX
	Architecture
		5	blocks of type: TL-GMUX
	Netlist
		0	blocks of type: PB-CLOCK
	Architecture
		5	blocks of type: TL-CLOCK
	Netlist
		0	blocks of type: PB-RAM
	Architecture
		4	blocks of type: TL-RAM
	Netlist
		1	blocks of type: PB-SYN_VCC
	Architecture
		1	blocks of type: TL-SYN_VCC

Device Utilization: 0.04 (target 1.00)
	Physical Tile TL-LOGIC:
	Block Utilization: 0.05 Logical Block: PB-LOGIC
	Physical Tile TL-RAM:
	Block Utilization: 0.00 Logical Block: PB-RAM
	Physical Tile TL-MULT:
	Block Utilization: 0.00 Logical Block: PB-MULT
	Physical Tile TL-BIDIR:
	Block Utilization: 0.09 Logical Block: PB-BIDIR
	Physical Tile TL-CLOCK:
	Block Utilization: 0.00 Logical Block: PB-CLOCK
	Physical Tile TL-SDIOMUX:
	Block Utilization: 0.00 Logical Block: PB-SDIOMUX
	Physical Tile TL-GMUX:
	Block Utilization: 0.00 Logical Block: PB-GMUX
	Physical Tile TL-ASSP:
	Block Utilization: 1.00 Logical Block: PB-ASSP
	Physical Tile TL-SYN_VCC:
	Block Utilization: 1.00 Logical Block: PB-SYN_VCC
	Physical Tile TL-SYN_GND:
	Block Utilization: 1.00 Logical Block: PB-SYN_GND

## Build Device Grid took 0.01 seconds (max_rss 43.4 MiB, delta_rss +0.0 MiB)
## Loading routing resource graph


## Loading routing resource graph took 1.14 seconds (max_rss 351.3 MiB, delta_rss +307.9 MiB)
  RR Graph Nodes: 1396446
  RR Graph Edges: 2337988
# Create Device took 2.31 seconds (max_rss 354.6 MiB, delta_rss +311.2 MiB)

# Load Placement
Reading helloworldfpga.place.

Successfully read helloworldfpga.place.

# Load Placement took 0.00 seconds (max_rss 354.6 MiB, delta_rss +0.0 MiB)

# Computing router lookahead map
## Computing wire lookahead
Warning 4: Unable to find any sample location for segment CHANX type 'generic' (length 1)
Warning 5: Unable to find any sample location for segment CHANY type 'generic' (length 1)
Warning 6: Unable to find any sample location for segment CHANX type 'pad' (length 1)
Warning 7: Unable to find any sample location for segment CHANY type 'pad' (length 1)
## Computing wire lookahead took 42.46 seconds (max_rss 354.6 MiB, delta_rss +0.0 MiB)
## Computing src/opin lookahead
## Computing src/opin lookahead took 0.00 seconds (max_rss 354.6 MiB, delta_rss +0.0 MiB)
# Computing router lookahead map took 42.46 seconds (max_rss 354.6 MiB, delta_rss +0.0 MiB)
# Routing
  RR Graph Nodes: 1396446
  RR Graph Edges: 2337988
Confirming router algorithm: TIMING_DRIVEN.
## Initializing router criticalities
Initial Net Connection Criticality Histogram:
[        0:      0.1) 609 ( 66.9%) |***********************************************
[      0.1:      0.2)   0 (  0.0%) |
[      0.2:      0.3)   1 (  0.1%) |
[      0.3:      0.4)  58 (  6.4%) |****
[      0.4:      0.5)  23 (  2.5%) |**
[      0.5:      0.6)  15 (  1.6%) |*
[      0.6:      0.7)  27 (  3.0%) |**
[      0.7:      0.8)  58 (  6.4%) |****
[      0.8:      0.9)  36 (  4.0%) |***
[      0.9:        1)  83 (  9.1%) |******
## Initializing router criticalities took 0.00 seconds (max_rss 404.0 MiB, delta_rss +0.0 MiB)
---- ------ ------- ---- ------- ------- ------- ----------------- --------------- -------- ---------- ---------- ---------- ---------- --------
Iter   Time    pres  BBs    Heap  Re-Rtd  Re-Rtd Overused RR Nodes      Wirelength      CPD       sTNS       sWNS       hTNS       hWNS Est Succ
      (sec)     fac Updt    push    Nets   Conns                                       (ns)       (ns)       (ns)       (ns)       (ns)     Iter
---- ------ ------- ---- ------- ------- ------- ----------------- --------------- -------- ---------- ---------- ---------- ---------- --------
   1   13.9     0.0    0 2.6e+07      81     910    1170 ( 0.084%)   22011 ( 1.6%)   58.122     -1442.    -58.122      0.000      0.000      N/A
   2   10.6     4.0    0 1.9e+07      68     537     534 ( 0.038%)   22575 ( 1.6%)   58.158     -1447.    -58.158      0.000      0.000      N/A
   3    9.1     5.2    0 1.5e+07      49     340     289 ( 0.021%)   22536 ( 1.6%)   58.158     -1447.    -58.158      0.000      0.000      N/A
   4    5.6     6.8    0 9482135      43     260     202 ( 0.014%)   22794 ( 1.6%)   58.194     -1449.    -58.194      0.000      0.000      N/A
   5    3.1     8.8    0 5584746      33     208     163 ( 0.012%)   23147 ( 1.6%)   58.160     -1448.    -58.160      0.000      0.000      N/A
   6    4.0    11.4    0 7139889      26     161     108 ( 0.008%)   23236 ( 1.6%)   58.122     -1449.    -58.122      0.000      0.000      N/A
   7    3.2    14.9    0 5852800      17      99      74 ( 0.005%)   23290 ( 1.6%)   58.122     -1449.    -58.122      0.000      0.000      N/A
   8    3.4    19.3    0 6029469      14      82      57 ( 0.004%)   23358 ( 1.7%)   58.160     -1450.    -58.160      0.000      0.000      N/A
   9    2.1    25.1    0 3656707      11      57      24 ( 0.002%)   23393 ( 1.7%)   58.160     -1450.    -58.160      0.000      0.000      N/A
  10    1.1    32.6    0 1751394       5      18      15 ( 0.001%)   23400 ( 1.7%)   58.160     -1451.    -58.160      0.000      0.000       17
  11    0.7    42.4    0 1249403       6      27      15 ( 0.001%)   23482 ( 1.7%)   58.160     -1451.    -58.160      0.000      0.000       15
  12    0.5    55.1    0  805196       7      27       3 ( 0.000%)   23509 ( 1.7%)   58.160     -1452.    -58.160      0.000      0.000       17
  13    0.3    71.7    0  464398       2       6       3 ( 0.000%)   23509 ( 1.7%)   58.160     -1452.    -58.160      0.000      0.000       15
  14    0.6    93.2    0  864200       2       2       6 ( 0.000%)   23508 ( 1.7%)   58.160     -1452.    -58.160      0.000      0.000       15
  15    0.6   121.1    0  946047       3       3       3 ( 0.000%)   23507 ( 1.7%)   58.160     -1452.    -58.160      0.000      0.000       16
  16    0.6   157.5    0 1024048       4       8       7 ( 0.001%)   23518 ( 1.7%)   58.160     -1452.    -58.160      0.000      0.000       17
  17    0.4   204.7    0  581051       1       1       0 ( 0.000%)   23541 ( 1.7%)   58.160     -1452.    -58.160      0.000      0.000       21
Restoring best routing
Critical path: 58.1602 ns
Successfully routed after 17 routing iterations.
Final Net Connection Criticality Histogram:
[        0:      0.1) 609 ( 66.9%) |***********************************************
[      0.1:      0.2)   0 (  0.0%) |
[      0.2:      0.3)   1 (  0.1%) |
[      0.3:      0.4)  52 (  5.7%) |****
[      0.4:      0.5)  28 (  3.1%) |**
[      0.5:      0.6)  14 (  1.5%) |*
[      0.6:      0.7)  47 (  5.2%) |****
[      0.7:      0.8)  41 (  4.5%) |***
[      0.8:      0.9)  25 (  2.7%) |**
[      0.9:        1)  93 ( 10.2%) |*******
Router Stats: total_nets_routed: 372 total_connections_routed: 2746 total_heap_pushes: 105879087 total_heap_pops: 93578975
# Routing took 61.08 seconds (max_rss 404.0 MiB, delta_rss +49.5 MiB)

Checking to ensure routing is legal...
Completed routing consistency check successfully.

Serial number (magic cookie) for the routing is: -1122803312
Circuit successfully routed with a channel width factor of 100.

Incr Slack updates 18 in 0.000805447 sec
Full Max Req/Worst Slack updates 3 in 2.5212e-05 sec
Incr Max Req/Worst Slack updates 15 in 0.000186553 sec
Incr Criticality updates 10 in 0.000526496 sec
Full Criticality updates 8 in 0.000673422 sec

Average number of bends per net: 239.679  Maximum # of bends: 5437

Number of global nets: 0
Number of routed nets (nonglobal): 81
Wire length results (in units of 1 clb segments)...
	Total wirelength: 22553, average net length: 278.432
	Maximum net length: 7392

Wire length results in terms of physical segments...
	Total wiring segments used: 19954, average wire segments per net: 246.346
	Maximum segments used by a net: 5675
	Total local nets with reserved CLB opins: 0

Routing channel utilization histogram:
[        1:      inf)    0 (  0.0%) |
[      0.9:        1)   62 (  2.4%) |*
[      0.8:      0.9)    0 (  0.0%) |
[      0.7:      0.8)    6 (  0.2%) |
[      0.5:      0.6)    0 (  0.0%) |
[      0.4:      0.5)    0 (  0.0%) |
[      0.3:      0.4)    6 (  0.2%) |
[      0.2:      0.3)   60 (  2.3%) |*
[      0.1:      0.2)   46 (  1.8%) |*
[        0:      0.1) 2404 ( 93.0%) |**********************************************
Maximum routing channel utilization:         1 at (1,3)

X - Directed channels:   j max occ ave occ capacity
                      ---- ------- ------- --------
                         0       2   1.436        2
                         1     161  10.026      221
                         2       0   0.000        0
                         3      91  16.179      635
                         4      68   2.205      623
                         5      71   2.179      658
                         6      81   4.103      623
                         7      88   4.615      623
                         8      28   2.051      623
                         9     181  16.564      623
                        10     186  24.000      665
                        11     200  25.308      623
                        12     232  40.462      647
                        13     249  39.821      623
                        14     221  32.923      623
                        15     161  19.923      623
                        16     216  20.077      623
                        17     175  19.410      623
                        18       8   0.410      725
                        19       0   0.000      623
                        20       7   0.179      623
                        21       0   0.000      623
                        22       0   0.000      623
                        23       0   0.000      623
                        24       7   0.179      623
                        25       0   0.000      657
                        26       0   0.000      634
                        27       0   0.000      623
                        28       7   0.179      623
                        29       0   0.000      624
                        30       0   0.000      625
                        31       0   0.000      626
                        32      30   2.103      786
                        33       0   0.000      269
Y - Directed channels:   i max occ ave occ capacity
                      ---- ------- ------- --------
                         0       0   0.000        2
                         1      47   4.057      287
                         2       1   0.029        4
                         3     177  54.371      848
                         4      36   2.543      874
                         5      54   2.771      819
                         6      30   5.743      760
                         7      46   4.114      761
                         8      11   1.486      761
                         9      46   4.000      761
                        10      16   2.400      757
                        11       6   1.371      775
                        12      31   2.486      757
                        13      41   2.600      761
                        14       8   1.600      761
                        15       8   1.600      761
                        16       6   1.543      761
                        17     164  12.743      761
                        18     178  18.800      761
                        19     164  28.743      816
                        20     191  30.714      761
                        21     242  49.000      883
                        22     208  41.343      761
                        23     226  33.543      761
                        24     178  17.457      761
                        25       0   0.000      761
                        26       0   0.000      757
                        27       0   0.000      775
                        28       0   0.000      757
                        29       0   0.000      761
                        30      25   2.486      761
                        31       0   0.000      761
                        32       0   0.000      761
                        33       0   0.000      763
                        34       0   0.000      762
                        35       0   0.000      764
                        36       0   0.000     1024
                        37       0   0.000      164

Total tracks in x-direction: 19611, in y-direction: 27046

Logic area (in minimum width transistor areas, excludes I/Os and empty grid tiles)...
	Total logic block area (Warning, need to add pitch of routing to blocks with height > 3): 1.3515e+07
	Total used logic block area: 705000

Routing area (in minimum width transistor areas)...
	Assuming no buffer sharing (pessimistic). Total: 1.07847e+09, per logic tile: 790090.
	Assuming buffer sharing (slightly optimistic). Total: 8.38760e+08, per logic tile: 614476.


Segment usage by type (index):    name type utilization
                               ------- ---- -----------
                                  sbox    2      0.0129
                                   vcc    3      0.0879
                                   gnd    4       0.101
                                  hop1    5      0.0154
                                  hop2    6       0.028
                                  hop3    7           0
                                  hop4    8      0.0123
                                 clock    9           0
                               special   10      0.0828

Segment usage by length: length utilization
                         ------ -----------
                              1      0.0134
                              2       0.028
                              3           0
                              4      0.0123


Final hold Worst Negative Slack (hWNS): 0 ns
Final hold Total Negative Slack (hTNS): 0 ns

Final hold slack histogram:
[  4.5e-09:  7.6e-09)  1 (  3.6%) |**
[  7.6e-09:  1.1e-08) 25 ( 89.3%) |************************************************
[  1.1e-08:  1.4e-08)  1 (  3.6%) |**
[  1.4e-08:  1.7e-08)  0 (  0.0%) |
[  1.7e-08:    2e-08)  0 (  0.0%) |
[    2e-08:  2.3e-08)  0 (  0.0%) |
[  2.3e-08:  2.6e-08)  0 (  0.0%) |
[  2.6e-08:  2.9e-08)  0 (  0.0%) |
[  2.9e-08:  3.2e-08)  0 (  0.0%) |
[  3.2e-08:  3.5e-08)  1 (  3.6%) |**

Final critical path delay (least slack): 58.0477 ns, Fmax: 17.2272 MHz
Final setup Worst Negative Slack (sWNS): -58.0477 ns
Final setup Total Negative Slack (sTNS): -1448.77 ns

Final setup slack histogram:
[ -5.8e-08: -5.4e-08) 13 ( 46.4%) |************************************************
[ -5.4e-08: -4.9e-08) 13 ( 46.4%) |************************************************
[ -4.9e-08: -4.5e-08)  0 (  0.0%) |
[ -4.5e-08:   -4e-08)  0 (  0.0%) |
[   -4e-08: -3.6e-08)  0 (  0.0%) |
[ -3.6e-08: -3.1e-08)  1 (  3.6%) |****
[ -3.1e-08: -2.7e-08)  0 (  0.0%) |
[ -2.7e-08: -2.3e-08)  0 (  0.0%) |
[ -2.3e-08: -1.8e-08)  0 (  0.0%) |
[ -1.8e-08: -1.4e-08)  1 (  3.6%) |****

Final geomean non-virtual intra-domain period: 58.0477 ns (17.2272 MHz)
Final fanout-weighted geomean non-virtual intra-domain period: 58.0477 ns (17.2272 MHz)

Incr Slack updates 1 in 5.5449e-05 sec
Full Max Req/Worst Slack updates 1 in 8.191e-06 sec
Incr Max Req/Worst Slack updates 0 in 0 sec
Incr Criticality updates 0 in 0 sec
Full Criticality updates 1 in 8.7639e-05 sec
Flow timing analysis took 0.0270273 seconds (0.0231126 STA, 0.00391468 slack) (19 full updates: 0 setup, 0 hold, 19 combined).
VPR succeeded
The entire flow of VPR took 107.10 seconds (max_rss 404.0 MiB)
