VPR FPGA Placement and Routing.
Version: 8.1.0-dev+dadca7ecf
Revision: v8.0.0-rc2-2894-gdadca7ecf
Compiled: 2020-10-14T15:08:54
Compiler: GNU 7.3.0 on Linux-4.15.0-1028-gcp x86_64
Build Info: Release IPO VTR_ASSERT_LEVEL=2

University of Toronto
verilogtorouting.org
vtr-users@googlegroups.com
This is free open source code under MIT license.

VPR was run with the following command-line:
vpr /home/deekshitha/qorc-sdk/fpga_toolchain_install/v1.3.1/quicklogic-arch-defs/share/arch/ql-eos-s3_wlcsp/arch.timing.xml helloworldfpga.eblif --device ql-eos-s3 --max_router_iterations 500 --routing_failure_predictor off --router_high_fanout_threshold -1 --constant_net_method route --route_chan_width 100 --clock_modeling route --place_delay_model delta_override --router_lookahead map --check_route quick --strict_checks off --allow_dangling_combinational_nodes on --disable_errors check_unbuffered_edges:check_route --congested_routing_iteration_threshold 0.8 --incremental_reroute_delay_ripup off --base_cost_type delay_normalized_length_bounded --bb_factor 10 --initial_pres_fac 4.0 --check_rr_graph off --suppress_warnings ,sum_pin_class:check_unbuffered_edges:load_rr_indexed_data_T_values:check_rr_node:trans_per_R:check_route:set_rr_graph_tool_comment:warn_model_missing_timing --read_rr_graph /home/deekshitha/qorc-sdk/fpga_toolchain_install/v1.3.1/quicklogic-arch-defs/share/arch/ql-eos-s3_wlcsp/rr_graph_ql-eos-s3_wlcsp.rr_graph.real.bin --read_placement_delay_lookup /home/deekshitha/qorc-sdk/fpga_toolchain_install/v1.3.1/quicklogic-arch-defs/share/arch/ql-eos-s3_wlcsp/rr_graph_ql-eos-s3_wlcsp.place_delay.bin --sdc_file /home/deekshitha/qorc-sdk/fpga-examples/blink/build/helloworldfpga_dummy.sdc --fix_clusters helloworldfpga_constraints.place --place

Using up to 1 parallel worker(s)

Architecture file: /home/deekshitha/qorc-sdk/fpga_toolchain_install/v1.3.1/quicklogic-arch-defs/share/arch/ql-eos-s3_wlcsp/arch.timing.xml
Circuit name: helloworldfpga

# Loading Architecture Description
# Loading Architecture Description took 0.78 seconds (max_rss 31.3 MiB, delta_rss +25.0 MiB)
# Building complex block graph
# Building complex block graph took 0.15 seconds (max_rss 39.9 MiB, delta_rss +8.6 MiB)
# Load circuit
# Load circuit took 0.02 seconds (max_rss 41.1 MiB, delta_rss +1.1 MiB)
# Clean circuit
Absorbed 827 LUT buffers
Inferred  106 additional primitive pins as constant generators since they have no combinationally connected inputs
Inferred   39 additional primitive pins as constant generators due to constant inputs
Inferred    0 additional primitive pins as constant generators since they have no combinationally connected inputs
Inferred    0 additional primitive pins as constant generators due to constant inputs
Inferred    0 additional primitive pins as constant generators since they have no combinationally connected inputs
Inferred    0 additional primitive pins as constant generators due to constant inputs
Swept input(s)      : 0
Swept output(s)     : 0 (0 dangling, 0 constant)
Swept net(s)        : 141
Swept block(s)      : 1
Constant Pins Marked: 145
# Clean circuit took 0.01 seconds (max_rss 41.9 MiB, delta_rss +0.8 MiB)
# Compress circuit
# Compress circuit took 0.00 seconds (max_rss 41.9 MiB, delta_rss +0.0 MiB)
# Verify circuit
# Verify circuit took 0.00 seconds (max_rss 41.9 MiB, delta_rss +0.0 MiB)
Circuit Statistics:
  Blocks: 112
    .output   :       3
    ASSP      :       1
    BIDIR_CELL:       3
    C_FRAG    :      13
    F_FRAG    :       1
    GND       :       1
    Q_FRAG    :      28
    T_FRAG    :      61
    VCC       :       1
  Nets  : 109
    Avg Fanout:     8.9
    Max Fanout:   455.0
    Min Fanout:     1.0
  Netlist Clocks: 1
# Build Timing Graph
  Timing Graph Nodes: 1077
  Timing Graph Edges: 1713
  Timing Graph Levels: 24
# Build Timing Graph took 0.00 seconds (max_rss 41.9 MiB, delta_rss +0.0 MiB)
Netlist contains 1 clocks
  Netlist Clock 'clk' Fanout: 28 pins (2.6%), 28 blocks (25.0%)
# Load Timing Constraints

SDC file '/home/deekshitha/qorc-sdk/fpga-examples/blink/build/helloworldfpga_dummy.sdc' contained no SDC commands
Setting default timing constraints:
   * constrain all primay inputs and primary outputs on netlist clock 'clk'
   * optimize netlist clock to run as fast as possible
Timing constraints created 1 clocks
  Constrained Clock 'clk' Source: 'u_qlal4s3b_cell_macro.Sys_Clk0[0]'

# Load Timing Constraints took 0.00 seconds (max_rss 41.9 MiB, delta_rss +0.0 MiB)
Timing analysis: ON
Circuit netlist file: helloworldfpga.net
Circuit placement file: helloworldfpga.place
Circuit routing file: helloworldfpga.route
Circuit SDC file: /home/deekshitha/qorc-sdk/fpga-examples/blink/build/helloworldfpga_dummy.sdc

Packer: ENABLED
Placer: ENABLED
Router: DISABLED
Analysis: DISABLED

NetlistOpts.abosrb_buffer_luts            : true
NetlistOpts.sweep_dangling_primary_ios    : true
NetlistOpts.sweep_dangling_nets           : true
NetlistOpts.sweep_dangling_blocks         : true
NetlistOpts.sweep_constant_primary_outputs: false
NetlistOpts.netlist_verbosity             : 1
NetlistOpts.const_gen_inference           : COMB_SEQ

PackerOpts.allow_unrelated_clustering: auto
PackerOpts.alpha_clustering: 0.750000
PackerOpts.beta_clustering: 0.900000
PackerOpts.cluster_seed_type: BLEND2
PackerOpts.connection_driven: true
PackerOpts.global_clocks: true
PackerOpts.hill_climbing_flag: false
PackerOpts.inter_cluster_net_delay: 1.000000
PackerOpts.timing_driven: true
PackerOpts.target_external_pin_util: auto

PlacerOpts.place_freq: PLACE_ONCE
PlacerOpts.place_algorithm: CRITICALITY_TIMING_PLACE
PlacerOpts.pad_loc_type: FREE
PlacerOpts.constraints_file: Using constraints file 'helloworldfpga_constraints.place'
PlacerOpts.place_cost_exp: 1.000000
PlacerOpts.place_chan_width: 100
PlacerOpts.inner_loop_recompute_divider: 0
PlacerOpts.recompute_crit_iter: 1
PlacerOpts.timing_tradeoff: 0.500000
PlacerOpts.td_place_exp_first: 1.000000
PlacerOpts.td_place_exp_last: 8.000000
PlacerOpts.delay_offset: 0.000000
PlacerOpts.delay_ramp_delta_threshold: -1
PlacerOpts.delay_ramp_slope: 0.000000
PlacerOpts.tsu_rel_margin: 1.000000
PlacerOpts.tsu_abs_margin: 0.000000
PlacerOpts.post_place_timing_report_file: 
PlacerOpts.allowed_tiles_for_delay_model: 
PlacerOpts.delay_model_reducer: MIN
PlacerOpts.delay_model_type: DELTA_OVERRIDE
PlacerOpts.rlim_escape_fraction: 0.000000
PlacerOpts.move_stats_file: 
PlacerOpts.placement_saves_per_temperature: 0
PlacerOpts.effort_scaling: CIRCUIT
PlacerOpts.place_delta_delay_matrix_calculation_method: ASTAR_ROUTE
PlaceOpts.seed: 1
AnnealSched.type: AUTO_SCHED
AnnealSched.inner_num: 1.000000

RoutingArch.directionality: BI_DIRECTIONAL
RoutingArch.switch_block_type: WILTON
RoutingArch.Fs: 3

# Load Packing
Begin loading packed FPGA netlist file.
Netlist generated from file 'helloworldfpga.net'.
Detected 2 constant generators (to see names run with higher pack verbosity)
Finished loading packed FPGA netlist file (took 0.056375 seconds).
# Load Packing took 0.06 seconds (max_rss 43.3 MiB, delta_rss +1.4 MiB)
Warning 1: Netlist contains 0 global net to non-global architecture pin connections
Warning 2: Logic block #48 ($false) has only 1 output pin '$false.GND0_GND[0]'. It may be a constant generator.
Warning 3: Logic block #49 ($true) has only 1 output pin '$true.VCC0_VCC[0]'. It may be a constant generator.

Netlist num_nets: 81
Netlist num_blocks: 50
Netlist EMPTY blocks: 0.
Netlist PB-SYN_GND blocks: 1.
Netlist PB-BIDIR blocks: 3.
Netlist PB-ASSP blocks: 1.
Netlist PB-LOGIC blocks: 44.
Netlist PB-SDIOMUX blocks: 0.
Netlist PB-MULT blocks: 0.
Netlist PB-GMUX blocks: 0.
Netlist PB-CLOCK blocks: 0.
Netlist PB-RAM blocks: 0.
Netlist PB-SYN_VCC blocks: 1.
Netlist inputs pins: 0
Netlist output pins: 9


Pb types usage...
  PB-SYN_GND        : 1
   GND              : 1
  PB-BIDIR          : 3
   BIDIR            : 3
    OUTPUT          : 3
     bidir          : 3
     outpad         : 3
  PB-ASSP           : 1
   ASSP             : 1
  PB-LOGIC          : 44
   LOGIC            : 44
    FRAGS           : 44
     c_frag_modes   : 44
      SINGLE        : 13
       c_frag       : 13
      SPLIT         : 31
       b_frag       : 31
       t_frag       : 30
     f_frag         : 1
     q_frag_modes   : 28
      INT           : 25
       q_frag       : 25
      EXT           : 3
       q_frag       : 3
  PB-SYN_VCC        : 1
   VCC              : 1

# Create Device
## Build Device Grid
FPGA sized to 39 x 35: 1365 grid tiles (ql-eos-s3)

Resource usage...
	Netlist
		1	blocks of type: PB-SYN_GND
	Architecture
		1	blocks of type: TL-SYN_GND
	Netlist
		3	blocks of type: PB-BIDIR
	Architecture
		32	blocks of type: TL-BIDIR
	Netlist
		1	blocks of type: PB-ASSP
	Architecture
		1	blocks of type: TL-ASSP
	Netlist
		44	blocks of type: PB-LOGIC
	Architecture
		891	blocks of type: TL-LOGIC
	Netlist
		0	blocks of type: PB-SDIOMUX
	Architecture
		14	blocks of type: TL-SDIOMUX
	Netlist
		0	blocks of type: PB-MULT
	Architecture
		2	blocks of type: TL-MULT
	Netlist
		0	blocks of type: PB-GMUX
	Architecture
		5	blocks of type: TL-GMUX
	Netlist
		0	blocks of type: PB-CLOCK
	Architecture
		5	blocks of type: TL-CLOCK
	Netlist
		0	blocks of type: PB-RAM
	Architecture
		4	blocks of type: TL-RAM
	Netlist
		1	blocks of type: PB-SYN_VCC
	Architecture
		1	blocks of type: TL-SYN_VCC

Device Utilization: 0.04 (target 1.00)
	Physical Tile TL-LOGIC:
	Block Utilization: 0.05 Logical Block: PB-LOGIC
	Physical Tile TL-RAM:
	Block Utilization: 0.00 Logical Block: PB-RAM
	Physical Tile TL-MULT:
	Block Utilization: 0.00 Logical Block: PB-MULT
	Physical Tile TL-BIDIR:
	Block Utilization: 0.09 Logical Block: PB-BIDIR
	Physical Tile TL-CLOCK:
	Block Utilization: 0.00 Logical Block: PB-CLOCK
	Physical Tile TL-SDIOMUX:
	Block Utilization: 0.00 Logical Block: PB-SDIOMUX
	Physical Tile TL-GMUX:
	Block Utilization: 0.00 Logical Block: PB-GMUX
	Physical Tile TL-ASSP:
	Block Utilization: 1.00 Logical Block: PB-ASSP
	Physical Tile TL-SYN_VCC:
	Block Utilization: 1.00 Logical Block: PB-SYN_VCC
	Physical Tile TL-SYN_GND:
	Block Utilization: 1.00 Logical Block: PB-SYN_GND

## Build Device Grid took 0.01 seconds (max_rss 43.5 MiB, delta_rss +0.0 MiB)
## Loading routing resource graph


## Loading routing resource graph took 1.16 seconds (max_rss 351.3 MiB, delta_rss +307.8 MiB)
  RR Graph Nodes: 1396446
  RR Graph Edges: 2337988
# Create Device took 2.33 seconds (max_rss 354.6 MiB, delta_rss +311.1 MiB)

# Computing router lookahead map
## Computing wire lookahead
Warning 4: Unable to find any sample location for segment CHANX type 'generic' (length 1)
Warning 5: Unable to find any sample location for segment CHANY type 'generic' (length 1)
Warning 6: Unable to find any sample location for segment CHANX type 'pad' (length 1)
Warning 7: Unable to find any sample location for segment CHANY type 'pad' (length 1)
## Computing wire lookahead took 43.07 seconds (max_rss 354.6 MiB, delta_rss +0.0 MiB)
## Computing src/opin lookahead
## Computing src/opin lookahead took 0.00 seconds (max_rss 354.6 MiB, delta_rss +0.0 MiB)
# Computing router lookahead map took 43.07 seconds (max_rss 354.6 MiB, delta_rss +0.0 MiB)
# Placement
## Computing placement delta delay look-up
  RR Graph Nodes: 1396446
  RR Graph Edges: 2337988
## Computing placement delta delay look-up took 1.23 seconds (max_rss 403.7 MiB, delta_rss +49.1 MiB)
Warning 8: CHANX place cost fac is 0 at 2 2
Warning 9: CHANX place cost fac is 0 at 34 34
Warning 10: CHANY place cost fac is 0 at 38 38
## Initial Placement
Reading helloworldfpga_constraints.place.

Successfully read helloworldfpga_constraints.place.

## Initial Placement took 0.00 seconds (max_rss 403.7 MiB, delta_rss +0.0 MiB)

There are 910 point to point connections in this circuit.


BB estimate of min-dist (placement) wire length: 3533

Completed placement consistency check successfully.
Initial placement cost: 1 bb_cost: 5.2633 td_cost: 1.33626e-06
Initial placement estimated Critical Path Delay (CPD): 101.146 ns
Initial placement estimated setup Total Negative Slack (sTNS): -2520.21 ns
Initial placement estimated setup Worst Negative Slack (sWNS): -101.146 ns

Initial placement estimated setup slack histogram:
[   -1e-07: -9.3e-08) 19 ( 67.9%) |************************************************
[ -9.3e-08: -8.6e-08)  4 ( 14.3%) |**********
[ -8.6e-08: -7.8e-08)  3 ( 10.7%) |********
[ -7.8e-08:   -7e-08)  0 (  0.0%) |
[   -7e-08: -6.2e-08)  0 (  0.0%) |
[ -6.2e-08: -5.5e-08)  0 (  0.0%) |
[ -5.5e-08: -4.7e-08)  0 (  0.0%) |
[ -4.7e-08: -3.9e-08)  0 (  0.0%) |
[ -3.9e-08: -3.2e-08)  1 (  3.6%) |***
[ -3.2e-08: -2.4e-08)  1 (  3.6%) |***
Placement contains 0 placement macros involving 0 blocks (average macro size -nan)

Moves per temperature: 184
Warning 11: Starting t: 47 of 50 configurations accepted.

---- ------ ------- ------- ---------- ---------- ------- ---------- -------- ------- ------- ------ -------- --------- ------
Tnum   Time       T Av Cost Av BB Cost Av TD Cost     CPD       sTNS     sWNS Ac Rate Std Dev  R lim Crit Exp Tot Moves  Alpha
      (sec)                                          (ns)       (ns)     (ns)                                                 
---- ------ ------- ------- ---------- ---------- ------- ---------- -------- ------- ------- ------ -------- --------- ------
   1    0.0 2.2e-01   1.011       5.49 1.3538e-06  97.864  -2.39e+03  -97.864   0.918  0.0280   38.0     1.00       184  0.200
   2    0.0 2.0e-01   1.010       5.45 1.3054e-06  97.439  -2.29e+03  -97.439   0.935  0.0221   38.0     1.00       368  0.900
   3    0.0 1.8e-01   0.985       5.55 1.3609e-06  99.272  -2.47e+03  -99.272   0.891  0.0269   38.0     1.00       552  0.900
   4    0.0 1.6e-01   0.974       5.55 1.2942e-06 121.136  -3.03e+03 -121.136   0.908  0.0296   38.0     1.00       736  0.900
   5    0.0 1.4e-01   0.976       5.48 1.2839e-06 115.737  -2.66e+03 -115.737   0.908  0.0209   38.0     1.00       920  0.900
   6    0.0 1.3e-01   0.984       5.55 1.306e-06  119.563  -2.95e+03 -119.563   0.929  0.0186   38.0     1.00      1104  0.900
   7    0.0 1.2e-01   1.036       5.70 1.3726e-06 105.238  -2.43e+03 -105.238   0.908  0.0274   38.0     1.00      1288  0.900
   8    0.0 1.0e-01   0.935       5.56 1.3425e-06 108.560  -2.54e+03 -108.560   0.891  0.0328   38.0     1.00      1472  0.900
   9    0.0 9.4e-02   0.960       5.47 1.2541e-06 116.132  -2.66e+03 -116.132   0.929  0.0351   38.0     1.00      1656  0.900
  10    0.0 8.4e-02   0.940       5.51 1.3252e-06 105.373  -2.54e+03 -105.373   0.880  0.0264   38.0     1.00      1840  0.900
  11    0.0 7.6e-02   1.006       5.52 1.3354e-06 103.477  -2.41e+03 -103.477   0.880  0.0250   38.0     1.00      2024  0.900
  12    0.0 6.8e-02   0.957       5.49 1.2566e-06 123.467  -2.96e+03 -123.467   0.929  0.0298   38.0     1.00      2208  0.900
  13    0.0 6.2e-02   1.038       5.64 1.3263e-06 110.642   -2.7e+03 -110.642   0.902  0.0295   38.0     1.00      2392  0.900
  14    0.0 5.5e-02   0.939       5.40 1.3048e-06  99.456  -2.32e+03  -99.456   0.902  0.0259   38.0     1.00      2576  0.900
  15    0.0 5.0e-02   1.008       5.55 1.315e-06  109.186  -2.54e+03 -109.186   0.908  0.0257   38.0     1.00      2760  0.900
  16    0.0 4.5e-02   0.964       5.55 1.2191e-06 124.095  -2.98e+03 -124.095   0.886  0.0338   38.0     1.00      2944  0.900
  17    0.0 4.0e-02   0.934       5.39 1.2527e-06 125.914  -3.15e+03 -125.914   0.826  0.0310   38.0     1.00      3128  0.900
  18    0.0 3.6e-02   0.974       5.38 1.3035e-06 105.091  -2.43e+03 -105.091   0.837  0.0429   38.0     1.00      3312  0.900
  19    0.0 3.3e-02   0.995       5.30 1.2553e-06 104.151  -2.45e+03 -104.151   0.810  0.0258   38.0     1.00      3496  0.900
  20    0.0 2.9e-02   1.024       5.24 1.2776e-06  98.774   -2.3e+03  -98.774   0.804  0.0187   38.0     1.00      3680  0.900
  21    0.0 2.6e-02   1.001       5.15 1.1779e-06  98.385  -2.35e+03  -98.385   0.804  0.0295   38.0     1.00      3864  0.900
  22    0.0 2.4e-02   1.047       5.23 1.2415e-06 107.214  -2.64e+03 -107.214   0.870  0.0263   38.0     1.00      4048  0.900
  23    0.0 2.1e-02   0.956       5.09 1.2167e-06 101.371  -2.36e+03 -101.371   0.793  0.0358   38.0     1.00      4232  0.900
  24    0.0 2.0e-02   1.001       5.01 1.1215e-06 107.768  -2.57e+03 -107.768   0.804  0.0340   38.0     1.00      4416  0.950
  25    0.0 1.8e-02   0.947       4.96 1.1122e-06 101.594   -2.4e+03 -101.594   0.750  0.0277   38.0     1.00      4600  0.900
  26    0.0 1.7e-02   1.069       4.98 1.1482e-06  95.070  -2.28e+03  -95.070   0.739  0.0433   38.0     1.00      4784  0.950
  27    0.0 1.7e-02   0.957       5.08 1.22e-06   108.932  -2.59e+03 -108.932   0.766  0.0338   38.0     1.00      4968  0.950
  28    0.0 1.6e-02   1.036       5.13 1.2729e-06  98.578  -2.42e+03  -98.578   0.750  0.0241   38.0     1.00      5152  0.950
  29    0.0 1.5e-02   0.951       5.12 1.2138e-06 101.940  -2.42e+03 -101.940   0.701  0.0347   38.0     1.00      5336  0.950
  30    0.0 1.4e-02   0.971       4.91 1.162e-06   95.790   -2.4e+03  -95.790   0.652  0.0364   38.0     1.00      5520  0.950
  31    0.0 1.3e-02   0.981       4.96 1.1601e-06  98.243  -2.46e+03  -98.243   0.696  0.0247   38.0     1.00      5704  0.950
  32    0.0 1.3e-02   0.953       4.92 1.1481e-06 104.996  -2.55e+03 -104.996   0.652  0.0266   38.0     1.00      5888  0.950
  33    0.0 1.2e-02   0.957       4.89 1.1823e-06 104.584  -2.55e+03 -104.584   0.658  0.0204   38.0     1.00      6072  0.950
  34    0.0 1.2e-02   0.978       4.82 1.1633e-06  89.047  -2.18e+03  -89.047   0.620  0.0155   38.0     1.00      6256  0.950
  35    0.0 1.1e-02   0.984       4.59 1.102e-06   88.123  -2.11e+03  -88.123   0.598  0.0264   38.0     1.00      6440  0.950
  36    0.0 1.0e-02   1.017       4.70 1.0926e-06  93.098   -2.2e+03  -93.098   0.582  0.0197   38.0     1.00      6624  0.950
  37    0.0 9.9e-03   0.994       4.54 1.088e-06   87.129  -2.12e+03  -87.129   0.522  0.0277   38.0     1.00      6808  0.950
  38    0.0 9.4e-03   1.020       4.59 1.1529e-06 100.898   -2.5e+03 -100.898   0.522  0.0180   38.0     1.00      6992  0.950
  39    0.0 8.9e-03   0.965       4.43 1.0973e-06  93.102  -2.36e+03  -93.102   0.495  0.0211   38.0     1.00      7176  0.950
  40    0.0 8.5e-03   0.982       4.45 1.0934e-06  91.882  -2.21e+03  -91.882   0.457  0.0148   38.0     1.00      7360  0.950
  41    0.0 8.1e-03   1.004       4.39 1.0869e-06  84.794  -2.06e+03  -84.794   0.500  0.0162   38.0     1.00      7544  0.950
  42    0.0 7.7e-03   0.949       4.11 1.0177e-06  91.055  -2.17e+03  -91.055   0.370  0.0202   38.0     1.00      7728  0.950
  43    0.0 7.3e-03   1.056       4.27 9.1095e-07  84.461  -2.09e+03  -84.461   0.386  0.0413   35.3     1.51      7912  0.950
  44    0.0 6.9e-03   0.948       4.44 8.4222e-07  92.714  -2.35e+03  -92.714   0.457  0.0392   33.4     1.87      8096  0.950
  45    0.0 6.6e-03   0.974       4.44 8.3865e-07  92.154  -2.29e+03  -92.154   0.342  0.0269   34.0     1.76      8280  0.950
  46    0.0 6.2e-03   1.024       4.29 7.419e-07   87.963  -2.13e+03  -87.963   0.408  0.0186   30.6     2.39      8464  0.950
  47    0.0 5.9e-03   1.029       4.46 7.6185e-07  80.165  -1.93e+03  -80.165   0.380  0.0344   29.7     2.58      8648  0.950
  48    0.0 5.6e-03   0.942       4.21 6.7423e-07  86.654  -2.14e+03  -86.654   0.370  0.0413   27.9     2.91      8832  0.950
  49    0.0 5.4e-03   0.979       3.96 6.1173e-07  78.243  -1.93e+03  -78.243   0.310  0.0251   25.9     3.28      9016  0.950
  50    0.0 5.1e-03   0.956       3.68 4.6624e-07  75.503  -1.85e+03  -75.503   0.228  0.0200   22.5     3.92      9200  0.950
  51    0.0 4.8e-03   1.023       3.76 4.1169e-07  70.894  -1.72e+03  -70.894   0.234  0.0142   17.8     4.83      9384  0.950
  52    0.0 4.6e-03   0.975       3.53 3.706e-07   72.437  -1.76e+03  -72.437   0.245  0.0170   14.1     5.52      9568  0.950
  53    0.0 4.4e-03   0.980       3.43 3.9898e-07  67.011  -1.64e+03  -67.011   0.277  0.0084   11.4     6.04      9752  0.950
  54    0.0 4.1e-03   0.991       3.46 3.889e-07   69.169  -1.74e+03  -69.169   0.315  0.0174    9.5     6.39      9936  0.950
  55    0.0 3.9e-03   0.985       3.32 3.402e-07   67.072  -1.67e+03  -67.072   0.272  0.0078    8.3     6.62     10120  0.950
  56    0.0 3.7e-03   1.003       3.35 3.3907e-07  67.551  -1.68e+03  -67.551   0.386  0.0074    6.9     6.88     10304  0.950
  57    0.0 3.6e-03   1.019       3.42 3.339e-07   64.224  -1.59e+03  -64.224   0.418  0.0115    6.5     6.95     10488  0.950
  58    0.0 3.4e-03   0.990       3.43 3.4872e-07  70.626  -1.74e+03  -70.626   0.457  0.0147    6.4     6.98     10672  0.950
  59    0.0 3.2e-03   1.000       3.37 3.2158e-07  68.877  -1.71e+03  -68.877   0.326  0.0048    6.5     6.96     10856  0.950
  60    0.0 3.0e-03   0.968       3.26 2.8096e-07  72.075  -1.69e+03  -72.075   0.429  0.0156    5.8     7.10     11040  0.950
  61    0.0 2.9e-03   1.009       3.28 3.1772e-07  67.747  -1.63e+03  -67.747   0.315  0.0069    5.7     7.11     11224  0.950
  62    0.0 2.8e-03   0.970       3.20 3.3752e-07  69.775  -1.69e+03  -69.775   0.418  0.0162    5.0     7.24     11408  0.950
  63    0.0 2.6e-03   1.004       3.12 3.2739e-07  62.782  -1.56e+03  -62.782   0.342  0.0076    4.9     7.26     11592  0.950
  64    0.0 2.5e-03   0.994       3.11 3.4218e-07  63.365  -1.59e+03  -63.365   0.353  0.0073    4.4     7.36     11776  0.950
  65    0.0 2.4e-03   0.975       3.14 3.205e-07   64.011  -1.56e+03  -64.011   0.391  0.0146    4.0     7.43     11960  0.950
  66    0.0 2.2e-03   1.002       3.15 3.1358e-07  63.089  -1.54e+03  -63.089   0.451  0.0054    3.8     7.46     12144  0.950
  67    0.0 2.1e-03   0.973       3.11 2.7415e-07  65.837  -1.58e+03  -65.837   0.321  0.0185    3.9     7.46     12328  0.950
  68    0.0 2.0e-03   1.000       3.07 2.9392e-07  61.541  -1.51e+03  -61.541   0.277  0.0032    3.4     7.54     12512  0.950
  69    0.0 1.9e-03   0.977       3.01 2.9144e-07  58.953  -1.47e+03  -58.953   0.370  0.0135    2.9     7.65     12696  0.950
  70    0.0 1.8e-03   0.990       2.94 2.8648e-07  60.694  -1.51e+03  -60.694   0.299  0.0068    2.7     7.69     12880  0.950
  71    0.0 1.7e-03   0.981       2.86 2.6874e-07  60.864  -1.49e+03  -60.864   0.283  0.0096    2.3     7.76     13064  0.950
  72    0.0 1.6e-03   0.999       2.83 2.7945e-07  54.846  -1.32e+03  -54.846   0.429  0.0029    1.9     7.83     13248  0.950
  73    0.0 1.6e-03   0.988       2.83 3.1595e-07  53.801  -1.35e+03  -53.801   0.304  0.0068    1.9     7.83     13432  0.950
  74    0.0 1.5e-03   0.998       2.78 2.678e-07   54.051  -1.36e+03  -54.051   0.375  0.0082    1.6     7.88     13616  0.950
  75    0.0 1.4e-03   0.992       2.74 2.9887e-07  53.421  -1.36e+03  -53.421   0.386  0.0055    1.5     7.90     13800  0.950
  76    0.0 1.3e-03   0.991       2.74 2.8596e-07  55.098  -1.41e+03  -55.098   0.326  0.0059    1.5     7.91     13984  0.950
  77    0.0 1.3e-03   1.009       2.75 2.7962e-07  53.754  -1.34e+03  -53.754   0.245  0.0050    1.3     7.95     14168  0.950
  78    0.0 1.2e-03   0.996       2.72 2.9124e-07  52.627  -1.34e+03  -52.627   0.266  0.0017    1.0     7.99     14352  0.950
  79    0.0 1.1e-03   0.998       2.70 3.0986e-07  52.413  -1.34e+03  -52.413   0.348  0.0032    1.0     8.00     14536  0.950
  80    0.0 1.1e-03   1.003       2.70 2.6717e-07  55.608  -1.36e+03  -55.608   0.288  0.0026    1.0     8.00     14720  0.950
  81    0.0 1.0e-03   0.994       2.71 2.4291e-07  57.308  -1.41e+03  -57.308   0.304  0.0027    1.0     8.00     14904  0.950
  82    0.0 9.9e-04   0.991       2.68 2.6079e-07  56.322  -1.41e+03  -56.322   0.228  0.0054    1.0     8.00     15088  0.950
  83    0.0 9.4e-04   0.996       2.68 2.7618e-07  51.895   -1.3e+03  -51.895   0.228  0.0040    1.0     8.00     15272  0.950
  84    0.0 8.9e-04   0.998       2.67 2.653e-07   54.647  -1.39e+03  -54.647   0.245  0.0023    1.0     8.00     15456  0.950
  85    0.0 8.5e-04   0.994       2.67 2.7586e-07  53.122  -1.35e+03  -53.122   0.272  0.0061    1.0     8.00     15640  0.950
  86    0.0 8.0e-04   0.998       2.65 2.714e-07   52.591  -1.33e+03  -52.591   0.152  0.0057    1.0     8.00     15824  0.950
  87    0.0 7.6e-04   0.998       2.65 2.7324e-07  52.351  -1.33e+03  -52.351   0.185  0.0019    1.0     8.00     16008  0.950
  88    0.0 7.2e-04   1.001       2.66 2.9022e-07  49.991  -1.27e+03  -49.991   0.179  0.0020    1.0     8.00     16192  0.950
  89    0.0 6.9e-04   0.996       2.64 2.921e-07   49.977  -1.27e+03  -49.977   0.130  0.0015    1.0     8.00     16376  0.950
  90    0.0 5.5e-04   0.994       2.63 2.6996e-07  50.778  -1.29e+03  -50.778   0.158  0.0028    1.0     8.00     16560  0.800
  91    0.0 5.2e-04   0.992       2.59 2.8277e-07  50.241  -1.28e+03  -50.241   0.114  0.0042    1.0     8.00     16744  0.950
  92    0.0 4.2e-04   0.999       2.58 2.5103e-07  51.955  -1.32e+03  -51.955   0.065  0.0007    1.0     8.00     16928  0.800
  93    0.0 3.3e-04   1.000       2.59 2.7935e-07  51.243  -1.31e+03  -51.243   0.065  0.0008    1.0     8.00     17112  0.800
  94    0.0 2.7e-04   1.001       2.59 2.7859e-07  50.273  -1.28e+03  -50.273   0.060  0.0004    1.0     8.00     17296  0.800
  95    0.0 2.1e-04   0.999       2.60 2.4941e-07  51.919  -1.32e+03  -51.919   0.060  0.0012    1.0     8.00     17480  0.800
  96    0.0 1.7e-04   0.999       2.59 2.7572e-07  50.321  -1.28e+03  -50.321   0.027  0.0010    1.0     8.00     17664  0.800
  97    0.0 1.4e-04   1.000       2.58 2.7649e-07  50.273  -1.28e+03  -50.273   0.043  0.0003    1.0     8.00     17848  0.800
  98    0.0 1.1e-04   0.998       2.58 2.4812e-07  51.955  -1.32e+03  -51.955   0.011  0.0005    1.0     8.00     18032  0.800
  99    0.0 8.8e-05   1.000       2.58 2.7358e-07  50.998   -1.3e+03  -50.998   0.005  0.0000    1.0     8.00     18216  0.800
 100    0.0 7.0e-05   0.999       2.59 2.7212e-07  50.998   -1.3e+03  -50.998   0.016  0.0006    1.0     8.00     18400  0.800
 101    0.0 0.0e+00   1.000       2.59 2.5984e-07  50.866  -1.29e+03  -50.866   0.005  0.0000    1.0     8.00     18584  0.800
## Placement Quench took 0.00 seconds (max_rss 403.7 MiB)

BB estimate of min-dist (placement) wire length: 1713

Completed placement consistency check successfully.

Swaps called: 18634

Aborted Move Reasons:
  No moves aborted

Placement estimated critical path delay (least slack): 50.8664 ns, Fmax: 19.6594 MHz
Placement estimated setup Worst Negative Slack (sWNS): -50.8664 ns
Placement estimated setup Total Negative Slack (sTNS): -1290.19 ns

Placement estimated setup slack histogram:
[ -5.1e-08: -4.7e-08) 23 ( 82.1%) |************************************************
[ -4.7e-08: -4.3e-08)  3 ( 10.7%) |******
[ -4.3e-08: -3.8e-08)  0 (  0.0%) |
[ -3.8e-08: -3.4e-08)  0 (  0.0%) |
[ -3.4e-08:   -3e-08)  0 (  0.0%) |
[   -3e-08: -2.6e-08)  1 (  3.6%) |**
[ -2.6e-08: -2.2e-08)  0 (  0.0%) |
[ -2.2e-08: -1.8e-08)  0 (  0.0%) |
[ -1.8e-08: -1.3e-08)  0 (  0.0%) |
[ -1.3e-08: -9.2e-09)  1 (  3.6%) |**

Placement estimated geomean non-virtual intra-domain period: 50.8664 ns (19.6594 MHz)
Placement estimated fanout-weighted geomean non-virtual intra-domain period: 50.8664 ns (19.6594 MHz)

Placement cost: 0.999844, bb_cost: 2.58695, td_cost: 2.59929e-07, 

Placement resource usage:
  PB-SYN_GND implemented as TL-SYN_GND: 1
  PB-BIDIR   implemented as TL-BIDIR  : 3
  PB-ASSP    implemented as TL-ASSP   : 1
  PB-LOGIC   implemented as TL-LOGIC  : 44
  PB-SYN_VCC implemented as TL-SYN_VCC: 1

Placement number of temperatures: 101
Placement total # of swap attempts: 18634
	Swaps accepted:  8817 (47.3 %)
	Swaps rejected:  8682 (46.6 %)
	Swaps aborted :  1135 ( 6.1 %)
Placement Quench timing analysis took 0.000475603 seconds (0.000362626 STA, 0.000112977 slack) (1 full updates: 1 setup, 0 hold, 0 combined).
Placement Total  timing analysis took 0.0504885 seconds (0.0393247 STA, 0.0111638 slack) (103 full updates: 103 setup, 0 hold, 0 combined).
update_td_costs: connections 0 nets 0 sum_nets 0 total 0
Incr Slack updates 103 in 0.00401824 sec
Full Max Req/Worst Slack updates 79 in 0.000401028 sec
Incr Max Req/Worst Slack updates 24 in 0.000126258 sec
Incr Criticality updates 2 in 7.8846e-05 sec
Full Criticality updates 101 in 0.00575844 sec
# Placement took 1.39 seconds (max_rss 403.7 MiB, delta_rss +49.1 MiB)

Flow timing analysis took 0.0504885 seconds (0.0393247 STA, 0.0111638 slack) (103 full updates: 103 setup, 0 hold, 0 combined).
VPR succeeded
The entire flow of VPR took 47.85 seconds (max_rss 403.7 MiB)
