#Timing report of worst 4 path(s)
# Unit scale: 1e-09 seconds
# Output precision: 3

#Path 1
Startpoint: D.inpad[0] (.input clocked by virtual_io_clock)
Endpoint  : out:a.outpad[0] (.output clocked by virtual_io_clock)
Path Type : setup

Point                                                                Incr      Path
-----------------------------------------------------------------------------------
clock virtual_io_clock (rise edge)                                  0.000     0.000
clock source latency                                                0.000     0.000
input external delay                                                0.000     0.000
D.inpad[0] (.input)                                                 0.000     0.000
$iopadmap$ASS2.D.I_PAD_$inp[0] (BIDIR_CELL)                         0.000     0.000
$iopadmap$ASS2.D.I_DAT[0] (BIDIR_CELL)                             10.958    10.958
a_LUT4_O.c_frag.TB2[0] (C_FRAG)                                     9.730    20.688
a_LUT4_O.c_frag.CZ[0] (C_FRAG)                                      1.691    22.379
$iopadmap$ASS2.a.O_DAT[0] (SDIOMUX_CELL)                            9.367    31.746
$iopadmap$ASS2.a.O_PAD_$out[0] (SDIOMUX_CELL)                       9.750    41.496
out:a.outpad[0] (.output)                                           0.000    41.496
data arrival time                                                            41.496

clock virtual_io_clock (rise edge)                                  0.000     0.000
clock source latency                                                0.000     0.000
clock uncertainty                                                   0.000     0.000
output external delay                                               0.000     0.000
data required time                                                            0.000
-----------------------------------------------------------------------------------
data required time                                                            0.000
data arrival time                                                           -41.496
-----------------------------------------------------------------------------------
slack (VIOLATED)                                                            -41.496


#Path 2
Startpoint: D.inpad[0] (.input clocked by virtual_io_clock)
Endpoint  : out:e.outpad[0] (.output clocked by virtual_io_clock)
Path Type : setup

Point                                                              Incr      Path
---------------------------------------------------------------------------------
clock virtual_io_clock (rise edge)                                0.000     0.000
clock source latency                                              0.000     0.000
input external delay                                              0.000     0.000
D.inpad[0] (.input)                                               0.000     0.000
$iopadmap$ASS2.D.I_PAD_$inp[0] (BIDIR_CELL)                       0.000     0.000
$iopadmap$ASS2.D.I_DAT[0] (BIDIR_CELL)                           10.958    10.958
a_LUT4_O.c_frag.TB2[0] (C_FRAG)                                   9.730    20.688
a_LUT4_O.c_frag.CZ[0] (C_FRAG)                                    1.691    22.379
$iopadmap$ASS2.e.O_DAT[0] (BIDIR_CELL)                            9.027    31.406
$iopadmap$ASS2.e.O_PAD_$out[0] (BIDIR_CELL)                       9.809    41.215
out:e.outpad[0] (.output)                                         0.000    41.215
data arrival time                                                          41.215

clock virtual_io_clock (rise edge)                                0.000     0.000
clock source latency                                              0.000     0.000
clock uncertainty                                                 0.000     0.000
output external delay                                             0.000     0.000
data required time                                                          0.000
---------------------------------------------------------------------------------
data required time                                                          0.000
data arrival time                                                         -41.215
---------------------------------------------------------------------------------
slack (VIOLATED)                                                          -41.215


#Path 3
Startpoint: D.inpad[0] (.input clocked by virtual_io_clock)
Endpoint  : out:d.outpad[0] (.output clocked by virtual_io_clock)
Path Type : setup

Point                                                              Incr      Path
---------------------------------------------------------------------------------
clock virtual_io_clock (rise edge)                                0.000     0.000
clock source latency                                              0.000     0.000
input external delay                                              0.000     0.000
D.inpad[0] (.input)                                               0.000     0.000
$iopadmap$ASS2.D.I_PAD_$inp[0] (BIDIR_CELL)                       0.000     0.000
$iopadmap$ASS2.D.I_DAT[0] (BIDIR_CELL)                           10.958    10.958
a_LUT4_O.c_frag.TB2[0] (C_FRAG)                                   9.730    20.688
a_LUT4_O.c_frag.CZ[0] (C_FRAG)                                    1.691    22.379
$iopadmap$ASS2.d.O_DAT[0] (BIDIR_CELL)                            6.392    28.771
$iopadmap$ASS2.d.O_PAD_$out[0] (BIDIR_CELL)                       9.809    38.580
out:d.outpad[0] (.output)                                         0.000    38.580
data arrival time                                                          38.580

clock virtual_io_clock (rise edge)                                0.000     0.000
clock source latency                                              0.000     0.000
clock uncertainty                                                 0.000     0.000
output external delay                                             0.000     0.000
data required time                                                          0.000
---------------------------------------------------------------------------------
data required time                                                          0.000
data arrival time                                                         -38.580
---------------------------------------------------------------------------------
slack (VIOLATED)                                                          -38.580


#Path 4
Startpoint: D.inpad[0] (.input clocked by virtual_io_clock)
Endpoint  : out:f.outpad[0] (.output clocked by virtual_io_clock)
Path Type : setup

Point                                                              Incr      Path
---------------------------------------------------------------------------------
clock virtual_io_clock (rise edge)                                0.000     0.000
clock source latency                                              0.000     0.000
input external delay                                              0.000     0.000
D.inpad[0] (.input)                                               0.000     0.000
$iopadmap$ASS2.D.I_PAD_$inp[0] (BIDIR_CELL)                       0.000     0.000
$iopadmap$ASS2.D.I_DAT[0] (BIDIR_CELL)                           10.958    10.958
a_LUT4_O.c_frag.TB2[0] (C_FRAG)                                   9.730    20.688
a_LUT4_O.c_frag.CZ[0] (C_FRAG)                                    1.691    22.379
$iopadmap$ASS2.f.O_DAT[0] (BIDIR_CELL)                            5.270    27.649
$iopadmap$ASS2.f.O_PAD_$out[0] (BIDIR_CELL)                       9.809    37.458
out:f.outpad[0] (.output)                                         0.000    37.458
data arrival time                                                          37.458

clock virtual_io_clock (rise edge)                                0.000     0.000
clock source latency                                              0.000     0.000
clock uncertainty                                                 0.000     0.000
output external delay                                             0.000     0.000
data required time                                                          0.000
---------------------------------------------------------------------------------
data required time                                                          0.000
data arrival time                                                         -37.458
---------------------------------------------------------------------------------
slack (VIOLATED)                                                          -37.458


#End of timing report
