#Timing report of worst 4 path(s)
# Unit scale: 1e-09 seconds
# Output precision: 3

#Path 1
Startpoint: B.inpad[0] (.input clocked by virtual_io_clock)
Endpoint  : out:f.outpad[0] (.output clocked by virtual_io_clock)
Path Type : hold

Point                                                              Incr      Path
---------------------------------------------------------------------------------
clock virtual_io_clock (rise edge)                                0.000     0.000
clock source latency                                              0.000     0.000
input external delay                                              0.000     0.000
B.inpad[0] (.input)                                               0.000     0.000
$iopadmap$ASS2.B.I_PAD_$inp[0] (BIDIR_CELL)                       0.000     0.000
$iopadmap$ASS2.B.I_DAT[0] (BIDIR_CELL)                           10.153    10.153
a_LUT4_O.c_frag.TAB[0] (C_FRAG)                                   4.675    14.828
a_LUT4_O.c_frag.CZ[0] (C_FRAG)                                    0.987    15.815
$iopadmap$ASS2.f.O_DAT[0] (BIDIR_CELL)                            5.270    21.086
$iopadmap$ASS2.f.O_PAD_$out[0] (BIDIR_CELL)                       9.726    30.812
out:f.outpad[0] (.output)                                         0.000    30.812
data arrival time                                                          30.812

clock virtual_io_clock (rise edge)                                0.000     0.000
clock source latency                                              0.000     0.000
clock uncertainty                                                 0.000     0.000
output external delay                                             0.000     0.000
data required time                                                          0.000
---------------------------------------------------------------------------------
data required time                                                         -0.000
data arrival time                                                          30.812
---------------------------------------------------------------------------------
slack (MET)                                                                30.812


#Path 2
Startpoint: B.inpad[0] (.input clocked by virtual_io_clock)
Endpoint  : out:d.outpad[0] (.output clocked by virtual_io_clock)
Path Type : hold

Point                                                              Incr      Path
---------------------------------------------------------------------------------
clock virtual_io_clock (rise edge)                                0.000     0.000
clock source latency                                              0.000     0.000
input external delay                                              0.000     0.000
B.inpad[0] (.input)                                               0.000     0.000
$iopadmap$ASS2.B.I_PAD_$inp[0] (BIDIR_CELL)                       0.000     0.000
$iopadmap$ASS2.B.I_DAT[0] (BIDIR_CELL)                           10.153    10.153
a_LUT4_O.c_frag.TAB[0] (C_FRAG)                                   4.675    14.828
a_LUT4_O.c_frag.CZ[0] (C_FRAG)                                    0.987    15.815
$iopadmap$ASS2.d.O_DAT[0] (BIDIR_CELL)                            6.392    22.207
$iopadmap$ASS2.d.O_PAD_$out[0] (BIDIR_CELL)                       9.726    31.933
out:d.outpad[0] (.output)                                         0.000    31.933
data arrival time                                                          31.933

clock virtual_io_clock (rise edge)                                0.000     0.000
clock source latency                                              0.000     0.000
clock uncertainty                                                 0.000     0.000
output external delay                                             0.000     0.000
data required time                                                          0.000
---------------------------------------------------------------------------------
data required time                                                         -0.000
data arrival time                                                          31.933
---------------------------------------------------------------------------------
slack (MET)                                                                31.933


#Path 3
Startpoint: B.inpad[0] (.input clocked by virtual_io_clock)
Endpoint  : out:a.outpad[0] (.output clocked by virtual_io_clock)
Path Type : hold

Point                                                                Incr      Path
-----------------------------------------------------------------------------------
clock virtual_io_clock (rise edge)                                  0.000     0.000
clock source latency                                                0.000     0.000
input external delay                                                0.000     0.000
B.inpad[0] (.input)                                                 0.000     0.000
$iopadmap$ASS2.B.I_PAD_$inp[0] (BIDIR_CELL)                         0.000     0.000
$iopadmap$ASS2.B.I_DAT[0] (BIDIR_CELL)                             10.153    10.153
a_LUT4_O.c_frag.TAB[0] (C_FRAG)                                     4.675    14.828
a_LUT4_O.c_frag.CZ[0] (C_FRAG)                                      0.987    15.815
$iopadmap$ASS2.a.O_DAT[0] (SDIOMUX_CELL)                            9.367    25.182
$iopadmap$ASS2.a.O_PAD_$out[0] (SDIOMUX_CELL)                       8.931    34.113
out:a.outpad[0] (.output)                                           0.000    34.113
data arrival time                                                            34.113

clock virtual_io_clock (rise edge)                                  0.000     0.000
clock source latency                                                0.000     0.000
clock uncertainty                                                   0.000     0.000
output external delay                                               0.000     0.000
data required time                                                            0.000
-----------------------------------------------------------------------------------
data required time                                                           -0.000
data arrival time                                                            34.113
-----------------------------------------------------------------------------------
slack (MET)                                                                  34.113


#Path 4
Startpoint: B.inpad[0] (.input clocked by virtual_io_clock)
Endpoint  : out:e.outpad[0] (.output clocked by virtual_io_clock)
Path Type : hold

Point                                                              Incr      Path
---------------------------------------------------------------------------------
clock virtual_io_clock (rise edge)                                0.000     0.000
clock source latency                                              0.000     0.000
input external delay                                              0.000     0.000
B.inpad[0] (.input)                                               0.000     0.000
$iopadmap$ASS2.B.I_PAD_$inp[0] (BIDIR_CELL)                       0.000     0.000
$iopadmap$ASS2.B.I_DAT[0] (BIDIR_CELL)                           10.153    10.153
a_LUT4_O.c_frag.TAB[0] (C_FRAG)                                   4.675    14.828
a_LUT4_O.c_frag.CZ[0] (C_FRAG)                                    0.987    15.815
$iopadmap$ASS2.e.O_DAT[0] (BIDIR_CELL)                            9.027    24.842
$iopadmap$ASS2.e.O_PAD_$out[0] (BIDIR_CELL)                       9.726    34.568
out:e.outpad[0] (.output)                                         0.000    34.568
data arrival time                                                          34.568

clock virtual_io_clock (rise edge)                                0.000     0.000
clock source latency                                              0.000     0.000
clock uncertainty                                                 0.000     0.000
output external delay                                             0.000     0.000
data required time                                                          0.000
---------------------------------------------------------------------------------
data required time                                                         -0.000
data arrival time                                                          34.568
---------------------------------------------------------------------------------
slack (MET)                                                                34.568


#End of timing report
