VPR FPGA Placement and Routing.
Version: 8.1.0-dev+dadca7ecf
Revision: v8.0.0-rc2-2894-gdadca7ecf
Compiled: 2020-10-14T15:08:54
Compiler: GNU 7.3.0 on Linux-4.15.0-1028-gcp x86_64
Build Info: Release IPO VTR_ASSERT_LEVEL=2

University of Toronto
verilogtorouting.org
vtr-users@googlegroups.com
This is free open source code under MIT license.

VPR was run with the following command-line:
vpr /home/deekshitha/qorc-sdk/fpga_toolchain_install/v1.3.1/quicklogic-arch-defs/share/arch/ql-eos-s3_wlcsp/arch.timing.xml ASS1.eblif --device ql-eos-s3 --max_router_iterations 500 --routing_failure_predictor off --router_high_fanout_threshold -1 --constant_net_method route --route_chan_width 100 --clock_modeling route --place_delay_model delta_override --router_lookahead map --check_route quick --strict_checks off --allow_dangling_combinational_nodes on --disable_errors check_unbuffered_edges:check_route --congested_routing_iteration_threshold 0.8 --incremental_reroute_delay_ripup off --base_cost_type delay_normalized_length_bounded --bb_factor 10 --initial_pres_fac 4.0 --check_rr_graph off --suppress_warnings ,sum_pin_class:check_unbuffered_edges:load_rr_indexed_data_T_values:check_rr_node:trans_per_R:check_route:set_rr_graph_tool_comment:warn_model_missing_timing --read_rr_graph /home/deekshitha/qorc-sdk/fpga_toolchain_install/v1.3.1/quicklogic-arch-defs/share/arch/ql-eos-s3_wlcsp/rr_graph_ql-eos-s3_wlcsp.rr_graph.real.bin --read_placement_delay_lookup /home/deekshitha/qorc-sdk/fpga_toolchain_install/v1.3.1/quicklogic-arch-defs/share/arch/ql-eos-s3_wlcsp/rr_graph_ql-eos-s3_wlcsp.place_delay.bin --sdc_file /home/deekshitha/qorc-sdk/fpga-examples/ASS1/build/ASS1_dummy.sdc --fix_clusters ASS1_constraints.place --place

Using up to 1 parallel worker(s)

Architecture file: /home/deekshitha/qorc-sdk/fpga_toolchain_install/v1.3.1/quicklogic-arch-defs/share/arch/ql-eos-s3_wlcsp/arch.timing.xml
Circuit name: ASS1

# Loading Architecture Description
# Loading Architecture Description took 0.78 seconds (max_rss 31.2 MiB, delta_rss +24.9 MiB)
# Building complex block graph
# Building complex block graph took 0.16 seconds (max_rss 39.8 MiB, delta_rss +8.6 MiB)
# Load circuit
# Load circuit took 0.00 seconds (max_rss 39.8 MiB, delta_rss +0.0 MiB)
# Clean circuit
Absorbed 14 LUT buffers
Inferred    3 additional primitive pins as constant generators since they have no combinationally connected inputs
Inferred    3 additional primitive pins as constant generators due to constant inputs
Inferred    0 additional primitive pins as constant generators since they have no combinationally connected inputs
Inferred    0 additional primitive pins as constant generators due to constant inputs
Inferred    0 additional primitive pins as constant generators since they have no combinationally connected inputs
Inferred    0 additional primitive pins as constant generators due to constant inputs
Swept input(s)      : 0
Swept output(s)     : 0 (0 dangling, 0 constant)
Swept net(s)        : 1
Swept block(s)      : 1
Constant Pins Marked: 6
# Clean circuit took 0.00 seconds (max_rss 39.8 MiB, delta_rss +0.0 MiB)
# Compress circuit
# Compress circuit took 0.00 seconds (max_rss 39.8 MiB, delta_rss +0.0 MiB)
# Verify circuit
# Verify circuit took 0.00 seconds (max_rss 39.8 MiB, delta_rss +0.0 MiB)
Circuit Statistics:
  Blocks: 25
    .input      :       4
    .output     :       7
    BIDIR_CELL  :       8
    C_FRAG      :       1
    GND         :       1
    SDIOMUX_CELL:       3
    VCC         :       1
  Nets  : 18
    Avg Fanout:     2.9
    Max Fanout:    16.0
    Min Fanout:     1.0
  Netlist Clocks: 0
# Build Timing Graph
  Timing Graph Nodes: 71
  Timing Graph Edges: 88
  Timing Graph Levels: 8
# Build Timing Graph took 0.00 seconds (max_rss 39.8 MiB, delta_rss +0.0 MiB)
Netlist contains 0 clocks
# Load Timing Constraints

SDC file '/home/deekshitha/qorc-sdk/fpga-examples/ASS1/build/ASS1_dummy.sdc' contained no SDC commands
Setting default timing constraints:
   * constrain all primay inputs and primary outputs on a virtual external clock 'virtual_io_clock'
   * optimize virtual clock to run as fast as possible
Timing constraints created 1 clocks
  Constrained Clock 'virtual_io_clock' (Virtual Clock)

# Load Timing Constraints took 0.00 seconds (max_rss 39.8 MiB, delta_rss +0.0 MiB)
Timing analysis: ON
Circuit netlist file: ASS1.net
Circuit placement file: ASS1.place
Circuit routing file: ASS1.route
Circuit SDC file: /home/deekshitha/qorc-sdk/fpga-examples/ASS1/build/ASS1_dummy.sdc

Packer: ENABLED
Placer: ENABLED
Router: DISABLED
Analysis: DISABLED

NetlistOpts.abosrb_buffer_luts            : true
NetlistOpts.sweep_dangling_primary_ios    : true
NetlistOpts.sweep_dangling_nets           : true
NetlistOpts.sweep_dangling_blocks         : true
NetlistOpts.sweep_constant_primary_outputs: false
NetlistOpts.netlist_verbosity             : 1
NetlistOpts.const_gen_inference           : COMB_SEQ

PackerOpts.allow_unrelated_clustering: auto
PackerOpts.alpha_clustering: 0.750000
PackerOpts.beta_clustering: 0.900000
PackerOpts.cluster_seed_type: BLEND2
PackerOpts.connection_driven: true
PackerOpts.global_clocks: true
PackerOpts.hill_climbing_flag: false
PackerOpts.inter_cluster_net_delay: 1.000000
PackerOpts.timing_driven: true
PackerOpts.target_external_pin_util: auto

PlacerOpts.place_freq: PLACE_ONCE
PlacerOpts.place_algorithm: CRITICALITY_TIMING_PLACE
PlacerOpts.pad_loc_type: FREE
PlacerOpts.constraints_file: Using constraints file 'ASS1_constraints.place'
PlacerOpts.place_cost_exp: 1.000000
PlacerOpts.place_chan_width: 100
PlacerOpts.inner_loop_recompute_divider: 0
PlacerOpts.recompute_crit_iter: 1
PlacerOpts.timing_tradeoff: 0.500000
PlacerOpts.td_place_exp_first: 1.000000
PlacerOpts.td_place_exp_last: 8.000000
PlacerOpts.delay_offset: 0.000000
PlacerOpts.delay_ramp_delta_threshold: -1
PlacerOpts.delay_ramp_slope: 0.000000
PlacerOpts.tsu_rel_margin: 1.000000
PlacerOpts.tsu_abs_margin: 0.000000
PlacerOpts.post_place_timing_report_file: 
PlacerOpts.allowed_tiles_for_delay_model: 
PlacerOpts.delay_model_reducer: MIN
PlacerOpts.delay_model_type: DELTA_OVERRIDE
PlacerOpts.rlim_escape_fraction: 0.000000
PlacerOpts.move_stats_file: 
PlacerOpts.placement_saves_per_temperature: 0
PlacerOpts.effort_scaling: CIRCUIT
PlacerOpts.place_delta_delay_matrix_calculation_method: ASTAR_ROUTE
PlaceOpts.seed: 1
AnnealSched.type: AUTO_SCHED
AnnealSched.inner_num: 1.000000

RoutingArch.directionality: BI_DIRECTIONAL
RoutingArch.switch_block_type: WILTON
RoutingArch.Fs: 3

# Load Packing
Begin loading packed FPGA netlist file.
Netlist generated from file 'ASS1.net'.
Detected 2 constant generators (to see names run with higher pack verbosity)
Finished loading packed FPGA netlist file (took 0.017445 seconds).
# Load Packing took 0.02 seconds (max_rss 40.2 MiB, delta_rss +0.4 MiB)
Warning 1: Netlist contains 0 global net to non-global architecture pin connections
Warning 2: Logic block #12 ($false) has only 1 output pin '$false.GND0_GND[0]'. It may be a constant generator.
Warning 3: Logic block #13 ($true) has only 1 output pin '$true.VCC0_VCC[0]'. It may be a constant generator.

Netlist num_nets: 7
Netlist num_blocks: 14
Netlist EMPTY blocks: 0.
Netlist PB-SYN_GND blocks: 1.
Netlist PB-BIDIR blocks: 8.
Netlist PB-ASSP blocks: 0.
Netlist PB-LOGIC blocks: 1.
Netlist PB-SDIOMUX blocks: 3.
Netlist PB-MULT blocks: 0.
Netlist PB-GMUX blocks: 0.
Netlist PB-CLOCK blocks: 0.
Netlist PB-RAM blocks: 0.
Netlist PB-SYN_VCC blocks: 1.
Netlist inputs pins: 4
Netlist output pins: 29


Pb types usage...
  PB-SYN_GND        : 1
   GND              : 1
  PB-BIDIR          : 8
   BIDIR            : 8
    INPUT           : 3
     bidir          : 3
     inpad          : 3
    OUTPUT          : 5
     bidir          : 5
     outpad         : 5
  PB-LOGIC          : 1
   LOGIC            : 1
    FRAGS           : 1
     c_frag_modes   : 1
      SINGLE        : 1
       c_frag       : 1
  PB-SDIOMUX        : 3
   SDIOMUX          : 3
    INPUT           : 1
     inpad          : 1
     sdiomux        : 1
    OUTPUT          : 2
     outpad         : 2
     sdiomux        : 2
  PB-SYN_VCC        : 1
   VCC              : 1

# Create Device
## Build Device Grid
FPGA sized to 39 x 35: 1365 grid tiles (ql-eos-s3)

Resource usage...
	Netlist
		1	blocks of type: PB-SYN_GND
	Architecture
		1	blocks of type: TL-SYN_GND
	Netlist
		8	blocks of type: PB-BIDIR
	Architecture
		32	blocks of type: TL-BIDIR
	Netlist
		0	blocks of type: PB-ASSP
	Architecture
		1	blocks of type: TL-ASSP
	Netlist
		1	blocks of type: PB-LOGIC
	Architecture
		891	blocks of type: TL-LOGIC
	Netlist
		3	blocks of type: PB-SDIOMUX
	Architecture
		14	blocks of type: TL-SDIOMUX
	Netlist
		0	blocks of type: PB-MULT
	Architecture
		2	blocks of type: TL-MULT
	Netlist
		0	blocks of type: PB-GMUX
	Architecture
		5	blocks of type: TL-GMUX
	Netlist
		0	blocks of type: PB-CLOCK
	Architecture
		5	blocks of type: TL-CLOCK
	Netlist
		0	blocks of type: PB-RAM
	Architecture
		4	blocks of type: TL-RAM
	Netlist
		1	blocks of type: PB-SYN_VCC
	Architecture
		1	blocks of type: TL-SYN_VCC

Device Utilization: 0.01 (target 1.00)
	Physical Tile TL-LOGIC:
	Block Utilization: 0.00 Logical Block: PB-LOGIC
	Physical Tile TL-RAM:
	Block Utilization: 0.00 Logical Block: PB-RAM
	Physical Tile TL-MULT:
	Block Utilization: 0.00 Logical Block: PB-MULT
	Physical Tile TL-BIDIR:
	Block Utilization: 0.25 Logical Block: PB-BIDIR
	Physical Tile TL-CLOCK:
	Block Utilization: 0.00 Logical Block: PB-CLOCK
	Physical Tile TL-SDIOMUX:
	Block Utilization: 0.21 Logical Block: PB-SDIOMUX
	Physical Tile TL-GMUX:
	Block Utilization: 0.00 Logical Block: PB-GMUX
	Physical Tile TL-ASSP:
	Block Utilization: 0.00 Logical Block: PB-ASSP
	Physical Tile TL-SYN_VCC:
	Block Utilization: 1.00 Logical Block: PB-SYN_VCC
	Physical Tile TL-SYN_GND:
	Block Utilization: 1.00 Logical Block: PB-SYN_GND

## Build Device Grid took 0.01 seconds (max_rss 40.5 MiB, delta_rss +0.0 MiB)
## Loading routing resource graph


## Loading routing resource graph took 1.15 seconds (max_rss 349.6 MiB, delta_rss +309.1 MiB)
  RR Graph Nodes: 1396446
  RR Graph Edges: 2337988
# Create Device took 2.31 seconds (max_rss 351.1 MiB, delta_rss +310.6 MiB)

# Computing router lookahead map
## Computing wire lookahead
Warning 4: Unable to find any sample location for segment CHANX type 'generic' (length 1)
Warning 5: Unable to find any sample location for segment CHANY type 'generic' (length 1)
Warning 6: Unable to find any sample location for segment CHANX type 'pad' (length 1)
Warning 7: Unable to find any sample location for segment CHANY type 'pad' (length 1)
## Computing wire lookahead took 43.32 seconds (max_rss 351.1 MiB, delta_rss +0.0 MiB)
## Computing src/opin lookahead
## Computing src/opin lookahead took 0.00 seconds (max_rss 351.1 MiB, delta_rss +0.0 MiB)
# Computing router lookahead map took 43.32 seconds (max_rss 351.1 MiB, delta_rss +0.0 MiB)
# Placement
## Computing placement delta delay look-up
  RR Graph Nodes: 1396446
  RR Graph Edges: 2337988
## Computing placement delta delay look-up took 1.25 seconds (max_rss 400.7 MiB, delta_rss +49.6 MiB)
Warning 8: CHANX place cost fac is 0 at 2 2
Warning 9: CHANX place cost fac is 0 at 34 34
Warning 10: CHANY place cost fac is 0 at 38 38
## Initial Placement
Reading ASS1_constraints.place.

Successfully read ASS1_constraints.place.

## Initial Placement took 0.00 seconds (max_rss 400.7 MiB, delta_rss +0.0 MiB)

There are 42 point to point connections in this circuit.


BB estimate of min-dist (placement) wire length: 389

Completed placement consistency check successfully.
Initial placement cost: 1 bb_cost: 0.58091 td_cost: 9.36925e-08
Initial placement estimated Critical Path Delay (CPD): 46.5637 ns
Initial placement estimated setup Total Negative Slack (sTNS): -179.059 ns
Initial placement estimated setup Worst Negative Slack (sWNS): -46.5637 ns

Initial placement estimated setup slack histogram:
[ -4.7e-08: -4.6e-08) 1 ( 25.0%) |*************************
[ -4.6e-08: -4.6e-08) 0 (  0.0%) |
[ -4.6e-08: -4.6e-08) 1 ( 25.0%) |*************************
[ -4.6e-08: -4.5e-08) 0 (  0.0%) |
[ -4.5e-08: -4.5e-08) 0 (  0.0%) |
[ -4.5e-08: -4.5e-08) 0 (  0.0%) |
[ -4.5e-08: -4.4e-08) 0 (  0.0%) |
[ -4.4e-08: -4.4e-08) 0 (  0.0%) |
[ -4.4e-08: -4.4e-08) 0 (  0.0%) |
[ -4.4e-08: -4.3e-08) 2 ( 50.0%) |*************************************************
Placement contains 0 placement macros involving 0 blocks (average macro size -nan)

Moves per temperature: 33
Warning 11: Starting t: 3 of 14 configurations accepted.

---- ------ ------- ------- ---------- ---------- ------- ---------- -------- ------- ------- ------ -------- --------- ------
Tnum   Time       T Av Cost Av BB Cost Av TD Cost     CPD       sTNS     sWNS Ac Rate Std Dev  R lim Crit Exp Tot Moves  Alpha
      (sec)                                          (ns)       (ns)     (ns)                                                 
---- ------ ------- ------- ---------- ---------- ------- ---------- -------- ------- ------- ------ -------- --------- ------
   1    0.0 1.8e+00   0.912       0.60 1.1066e-07  45.537       -175  -45.537   0.333  0.1318   38.0     1.00        33  0.200
   2    0.0 1.7e+00   1.148       0.59 9.0018e-08  44.537       -171  -44.537   0.394  0.1279   33.9     1.77        66  0.950
   3    0.0 1.6e+00   0.874       0.59 1.041e-07   46.524       -175  -46.524   0.333  0.0577   32.4     2.06        99  0.950
   4    0.0 1.5e+00   1.099       0.58 8.4729e-08  44.227       -168  -44.227   0.212  0.0627   28.9     2.72       132  0.950
   5    0.0 1.5e+00   1.057       0.59 8.548e-08   44.889       -165  -44.889   0.394  0.0869   22.3     3.96       165  0.950
   6    0.0 1.4e+00   1.079       0.63 9.9491e-08  46.966       -183  -46.966   0.303  0.0838   21.3     4.16       198  0.950
   7    0.0 1.3e+00   0.960       0.59 9.0926e-08  45.036       -175  -45.036   0.545  0.0865   18.4     4.71       231  0.950
   8    0.0 1.3e+00   1.033       0.61 9.7685e-08  45.341       -168  -45.341   0.212  0.1012   20.3     4.34       264  0.950
   9    0.0 1.2e+00   0.928       0.62 9.1009e-08  51.687       -196  -51.687   0.364  0.0850   15.7     5.22       297  0.950
  10    0.0 1.1e+00   0.796       0.60 9.0022e-08  51.311       -192  -51.311   0.303  0.1031   14.5     5.45       330  0.950
  11    0.0 1.1e+00   1.080       0.59 6.6547e-08  44.544       -170  -44.544   0.364  0.0821   12.5     5.82       363  0.950
  12    0.0 1.0e+00   0.946       0.61 8.6521e-08  47.749       -182  -47.749   0.273  0.0728   11.6     6.00       396  0.950
  13    0.0 9.7e-01   0.954       0.56 6.7223e-08  43.723       -164  -43.723   0.364  0.0830    9.6     6.37       429  0.950
  14    0.0 9.2e-01   1.071       0.58 7.4371e-08  42.387       -166  -42.387   0.394  0.0599    8.9     6.51       462  0.950
  15    0.0 8.8e-01   1.038       0.59 7.2185e-08  45.201       -178  -45.201   0.364  0.0899    8.5     6.59       495  0.950
  16    0.0 8.3e-01   0.911       0.61 7.9443e-08  50.981       -193  -50.981   0.303  0.0679    7.8     6.71       528  0.950
  17    0.0 7.9e-01   0.887       0.61 5.8542e-08  53.834       -199  -53.834   0.273  0.0882    6.8     6.91       561  0.950
  18    0.0 7.5e-01   1.119       0.57 5.7164e-08  43.452       -163  -43.452   0.333  0.1004    5.6     7.12       594  0.950
  19    0.0 7.1e-01   0.816       0.58 4.8616e-08  55.940       -204  -55.940   0.455  0.0479    5.0     7.24       627  0.950
  20    0.0 6.8e-01   1.069       0.57 6.0312e-08  43.979       -167  -43.979   0.333  0.0650    5.1     7.22       660  0.950
  21    0.0 6.4e-01   0.998       0.60 6.3024e-08  48.014       -180  -48.014   0.303  0.0285    4.6     7.33       693  0.950
  22    0.0 6.1e-01   0.977       0.60 6.5493e-08  47.899       -182  -47.899   0.242  0.0360    3.9     7.45       726  0.950
  23    0.0 5.8e-01   0.966       0.59 6.0791e-08  48.136       -182  -48.136   0.121  0.0657    3.2     7.59       759  0.950
  24    0.0 5.5e-01   1.044       0.60 5.6663e-08  47.032       -175  -47.032   0.303  0.0390    2.1     7.78       792  0.950
  25    0.0 5.2e-01   1.006       0.59 5.5928e-08  47.257       -179  -47.257   0.485  0.0428    1.9     7.84       825  0.950
  26    0.0 5.0e-01   0.950       0.60 6.0752e-08  48.661       -184  -48.661   0.242  0.0209    1.9     7.82       858  0.950
  27    0.0 4.7e-01   0.992       0.59 5.299e-08   48.251       -182  -48.251   0.303  0.0361    1.6     7.89       891  0.950
  28    0.0 4.5e-01   1.001       0.62 6.1513e-08  49.629       -186  -49.629   0.364  0.0211    1.3     7.94       924  0.950
  29    0.0 4.3e-01   0.941       0.58 5.3376e-08  48.694       -187  -48.694   0.333  0.0284    1.2     7.95       957  0.950
  30    0.0 4.1e-01   0.974       0.57 5.1726e-08  46.359       -180  -46.359   0.212  0.0245    1.1     7.98       990  0.950
  31    0.0 3.9e-01   0.993       0.57 5.1835e-08  46.164       -173  -46.164   0.364  0.0151    1.0     8.00      1023  0.950
  32    0.0 3.7e-01   0.986       0.57 4.8313e-08  46.612       -178  -46.612   0.242  0.0221    1.0     8.00      1056  0.950
  33    0.0 3.5e-01   0.969       0.56 4.7659e-08  46.420       -175  -46.420   0.242  0.0017    1.0     8.00      1089  0.950
  34    0.0 3.3e-01   0.989       0.55 4.7507e-08  45.383       -171  -45.383   0.303  0.0235    1.0     8.00      1122  0.950
  35    0.0 3.1e-01   0.978       0.55 5.2861e-08  44.663       -169  -44.663   0.394  0.0188    1.0     8.00      1155  0.950
  36    0.0 3.0e-01   1.013       0.57 5.5092e-08  44.881       -173  -44.881   0.333  0.0237    1.0     8.00      1188  0.950
  37    0.0 2.8e-01   1.001       0.58 5.4881e-08  47.012       -181  -47.012   0.242  0.0077    1.0     8.00      1221  0.950
  38    0.0 2.7e-01   0.966       0.57 5.9661e-08  45.641       -177  -45.641   0.364  0.0238    1.0     8.00      1254  0.950
  39    0.0 2.6e-01   0.972       0.57 5.6885e-08  46.523       -177  -46.523   0.333  0.0262    1.0     8.00      1287  0.950
  40    0.0 2.4e-01   1.032       0.57 6.4219e-08  43.277       -172  -43.277   0.273  0.0245    1.0     8.00      1320  0.950
  41    0.0 2.3e-01   1.035       0.59 5.9485e-08  46.820       -177  -46.820   0.303  0.0156    1.0     8.00      1353  0.950
  42    0.0 2.2e-01   0.995       0.60 6.3842e-08  48.704       -184  -48.704   0.455  0.0173    1.0     8.00      1386  0.950
  43    0.0 2.1e-01   1.018       0.59 7.0881e-08  45.794       -178  -45.794   0.364  0.0093    1.0     8.00      1419  0.950
  44    0.0 2.0e-01   1.031       0.60 6.9185e-08  47.147       -183  -47.147   0.152  0.0201    1.0     8.00      1452  0.950
  45    0.0 1.9e-01   0.964       0.59 6.6248e-08  49.098       -188  -49.098   0.424  0.0200    1.0     8.00      1485  0.950
  46    0.0 1.8e-01   0.987       0.58 5.8491e-08  46.808       -179  -46.808   0.242  0.0128    1.0     8.00      1518  0.950
  47    0.0 1.7e-01   1.028       0.59 6.7921e-08  43.844       -172  -43.844   0.394  0.0167    1.0     8.00      1551  0.950
  48    0.0 1.6e-01   0.959       0.57 7.6471e-08  42.888       -169  -42.888   0.242  0.0125    1.0     8.00      1584  0.950
  49    0.0 1.5e-01   0.946       0.56 5.6108e-08  43.301       -170  -43.301   0.424  0.0471    1.0     8.00      1617  0.950
  50    0.0 1.5e-01   1.023       0.55 5.6434e-08  41.154       -158  -41.154   0.394  0.0233    1.0     8.00      1650  0.950
  51    0.0 1.4e-01   1.045       0.55 5.4004e-08  42.544       -161  -42.544   0.182  0.0266    1.0     8.00      1683  0.950
  52    0.0 1.3e-01   0.979       0.56 6.4373e-08  42.548       -164  -42.548   0.212  0.0129    1.0     8.00      1716  0.950
  53    0.0 1.2e-01   1.021       0.56 6.0035e-08  43.308       -159  -43.308   0.273  0.0111    1.0     8.00      1749  0.950
  54    0.0 1.2e-01   1.048       0.57 6.9706e-08  43.720       -160  -43.720   0.455  0.0222    1.0     8.00      1782  0.950
  55    0.0 1.1e-01   1.031       0.59 8.2791e-08  44.039       -164  -44.039   0.273  0.0297    1.0     8.00      1815  0.950
  56    0.0 1.1e-01   0.972       0.58 8.1992e-08  43.623       -163  -43.623   0.333  0.0181    1.0     8.00      1848  0.950
  57    0.0 1.0e-01   0.966       0.57 6.3376e-08  45.803       -167  -45.803   0.364  0.0245    1.0     8.00      1881  0.950
  58    0.0 9.6e-02   0.998       0.56 5.4958e-08  43.049       -165  -43.049   0.152  0.0238    1.0     8.00      1914  0.950
  59    0.0 9.2e-02   1.015       0.56 5.4487e-08  43.178       -164  -43.178   0.242  0.0245    1.0     8.00      1947  0.950
  60    0.0 8.7e-02   1.023       0.57 6.3636e-08  43.301       -170  -43.301   0.333  0.0170    1.0     8.00      1980  0.950
  61    0.0 8.3e-02   0.995       0.58 6.3182e-08  45.201       -178  -45.201   0.364  0.0232    1.0     8.00      2013  0.950
  62    0.0 7.9e-02   0.986       0.59 7.3568e-08  45.207       -176  -45.207   0.152  0.0134    1.0     8.00      2046  0.950
  63    0.0 7.5e-02   0.969       0.58 7.0643e-08  44.700       -175  -44.700   0.273  0.0162    1.0     8.00      2079  0.950
  64    0.0 7.1e-02   1.026       0.59 6.6778e-08  43.761       -171  -43.761   0.212  0.0160    1.0     8.00      2112  0.950
  65    0.0 6.7e-02   0.991       0.59 1.0302e-07  42.503       -165  -42.503   0.303  0.0149    1.0     8.00      2145  0.950
  66    0.0 6.4e-02   0.938       0.58 9.3705e-08  42.888       -168  -42.888   0.303  0.0409    1.0     8.00      2178  0.950
  67    0.0 6.1e-02   1.048       0.58 6.3528e-08  43.401       -166  -43.401   0.242  0.0177    1.0     8.00      2211  0.950
  68    0.0 5.8e-02   0.975       0.57 6.2215e-08  43.761       -171  -43.761   0.333  0.0213    1.0     8.00      2244  0.950
  69    0.0 5.5e-02   0.958       0.55 5.1487e-08  44.598       -170  -44.598   0.242  0.0153    1.0     8.00      2277  0.950
  70    0.0 5.2e-02   0.972       0.55 5.2011e-08  43.403       -164  -43.403   0.303  0.0187    1.0     8.00      2310  0.950
  71    0.0 5.0e-02   0.988       0.55 5.3013e-08  42.159       -162  -42.159   0.152  0.0100    1.0     8.00      2343  0.950
  72    0.0 4.7e-02   1.013       0.54 4.5455e-08  44.425       -164  -44.425   0.424  0.0106    1.0     8.00      2376  0.950
  73    0.0 4.5e-02   1.020       0.55 5.299e-08   42.235       -161  -42.235   0.303  0.0247    1.0     8.00      2409  0.950
  74    0.0 4.2e-02   0.999       0.56 6.2545e-08  42.617       -162  -42.617   0.333  0.0181    1.0     8.00      2442  0.950
  75    0.0 4.0e-02   1.004       0.56 5.2885e-08  43.613       -168  -43.613   0.273  0.0245    1.0     8.00      2475  0.950
  76    0.0 3.8e-02   0.964       0.55 5.1229e-08  44.152       -169  -44.152   0.303  0.0231    1.0     8.00      2508  0.950
  77    0.0 3.6e-02   1.016       0.55 4.737e-08   43.452       -163  -43.452   0.182  0.0166    1.0     8.00      2541  0.950
  78    0.0 3.5e-02   0.986       0.54 4.7335e-08  43.854       -164  -43.854   0.303  0.0139    1.0     8.00      2574  0.950
  79    0.0 3.3e-02   1.029       0.54 5.6979e-08  42.211       -157  -42.211   0.182  0.0150    1.0     8.00      2607  0.950
  80    0.0 3.1e-02   0.981       0.54 5.4883e-08  44.261       -162  -44.261   0.364  0.0107    1.0     8.00      2640  0.950
  81    0.0 3.0e-02   1.010       0.54 5.3239e-08  44.062       -161  -44.062   0.061  0.0029    1.0     8.00      2673  0.950
  82    0.0 2.4e-02   0.999       0.54 5.5291e-08  43.710       -161  -43.710   0.333  0.0129    1.0     8.00      2706  0.800
  83    0.0 2.3e-02   1.012       0.55 5.3423e-08  44.596       -162  -44.596   0.212  0.0187    1.0     8.00      2739  0.950
  84    0.0 2.1e-02   0.993       0.54 5.3494e-08  42.845       -162  -42.845   0.212  0.0112    1.0     8.00      2772  0.950
  85    0.0 2.0e-02   1.004       0.54 5.4416e-08  44.019       -160  -44.019   0.121  0.0058    1.0     8.00      2805  0.950
  86    0.0 1.6e-02   1.022       0.54 5.504e-08   44.596       -162  -44.596   0.273  0.0173    1.0     8.00      2838  0.800
  87    0.0 1.5e-02   0.973       0.54 5.2941e-08  45.681       -167  -45.681   0.152  0.0093    1.0     8.00      2871  0.950
  88    0.0 1.5e-02   0.970       0.53 5.3833e-08  44.261       -162  -44.261   0.061  0.0188    1.0     8.00      2904  0.950
  89    0.0 1.2e-02   1.027       0.54 5.6857e-08  42.211       -157  -42.211   0.182  0.0129    1.0     8.00      2937  0.800
  90    0.0 1.1e-02   1.003       0.54 5.2172e-08  44.062       -161  -44.062   0.152  0.0175    1.0     8.00      2970  0.950
  91    0.0 1.1e-02   1.001       0.55 4.5409e-08  43.511       -162  -43.511   0.121  0.0068    1.0     8.00      3003  0.950
  92    0.0 8.5e-03   0.999       0.55 5.0983e-08  42.235       -161  -42.235   0.121  0.0098    1.0     8.00      3036  0.800
  93    0.0 6.8e-03   0.999       0.55 5.8204e-08  40.828       -158  -40.828   0.121  0.0020    1.0     8.00      3069  0.800
  94    0.0 5.4e-03   0.989       0.55 4.9286e-08  42.544       -161  -42.544   0.030  0.0000    1.0     8.00      3102  0.800
  95    0.0 4.3e-03   1.000       0.55 4.5332e-08  43.511       -162  -43.511   0.000  0.0000    1.0     8.00      3135  0.800
  96    0.0 3.5e-03   1.006       0.55 4.5861e-08  43.511       -162  -43.511   0.061  0.0057    1.0     8.00      3168  0.800
  97    0.0 2.8e-03   0.992       0.55 5.1454e-08  42.554       -160  -42.554   0.091  0.0015    1.0     8.00      3201  0.800
  98    0.0 2.2e-03   0.997       0.55 4.9929e-08  42.544       -161  -42.544   0.152  0.0050    1.0     8.00      3234  0.800
  99    0.0 2.1e-03   0.999       0.55 5.1016e-08  42.235       -161  -42.235   0.061  0.0019    1.0     8.00      3267  0.950
 100    0.0 1.7e-03   0.995       0.55 5.0521e-08  42.235       -161  -42.235   0.061  0.0031    1.0     8.00      3300  0.800
 101    0.0 1.4e-03   1.000       0.55 5.3889e-08  41.154       -158  -41.154   0.000  0.0000    1.0     8.00      3333  0.800
 102    0.0 1.1e-03   1.000       0.55 5.3889e-08  41.154       -158  -41.154   0.000  0.0000    1.0     8.00      3366  0.800
 103    0.0 8.6e-04   1.000       0.55 5.3889e-08  41.154       -158  -41.154   0.000  0.0000    1.0     8.00      3399  0.800
 104    0.0 0.0e+00   1.000       0.55 5.3889e-08  41.154       -158  -41.154   0.000  0.0000    1.0     8.00      3432  0.800
## Placement Quench took 0.00 seconds (max_rss 400.7 MiB)

BB estimate of min-dist (placement) wire length: 365

Completed placement consistency check successfully.

Swaps called: 3446

Aborted Move Reasons:
  No moves aborted

Placement estimated critical path delay (least slack): 41.1536 ns, Fmax: 24.2992 MHz
Placement estimated setup Worst Negative Slack (sWNS): -41.1536 ns
Placement estimated setup Total Negative Slack (sTNS): -158.194 ns

Placement estimated setup slack histogram:
[ -4.1e-08: -4.1e-08) 2 ( 50.0%) |*************************************************
[ -4.1e-08:   -4e-08) 0 (  0.0%) |
[   -4e-08:   -4e-08) 0 (  0.0%) |
[   -4e-08:   -4e-08) 0 (  0.0%) |
[   -4e-08: -3.9e-08) 0 (  0.0%) |
[ -3.9e-08: -3.9e-08) 0 (  0.0%) |
[ -3.9e-08: -3.9e-08) 0 (  0.0%) |
[ -3.9e-08: -3.8e-08) 0 (  0.0%) |
[ -3.8e-08: -3.8e-08) 1 ( 25.0%) |*************************
[ -3.8e-08: -3.8e-08) 1 ( 25.0%) |*************************

Placement estimated geomean non-virtual intra-domain period: nan ns (nan MHz)
Placement estimated fanout-weighted geomean non-virtual intra-domain period: nan ns (nan MHz)

Placement cost: 1, bb_cost: 0.54739, td_cost: 5.38889e-08, 

Placement resource usage:
  PB-SYN_GND implemented as TL-SYN_GND: 1
  PB-BIDIR   implemented as TL-BIDIR  : 8
  PB-LOGIC   implemented as TL-LOGIC  : 1
  PB-SDIOMUX implemented as TL-SDIOMUX: 3
  PB-SYN_VCC implemented as TL-SYN_VCC: 1

Placement number of temperatures: 104
Placement total # of swap attempts: 3446
	Swaps accepted:  900 (26.1 %)
	Swaps rejected:  248 ( 7.2 %)
	Swaps aborted : 2298 (66.7 %)
Placement Quench timing analysis took 6.9069e-05 seconds (5.0203e-05 STA, 1.8866e-05 slack) (1 full updates: 1 setup, 0 hold, 0 combined).
Placement Total  timing analysis took 0.00860068 seconds (0.00596909 STA, 0.00263159 slack) (106 full updates: 106 setup, 0 hold, 0 combined).
update_td_costs: connections 0 nets 0 sum_nets 0 total 0
Incr Slack updates 106 in 0.0010681 sec
Full Max Req/Worst Slack updates 54 in 8.7344e-05 sec
Incr Max Req/Worst Slack updates 52 in 7.53e-05 sec
Incr Criticality updates 6 in 5.6041e-05 sec
Full Criticality updates 100 in 0.00112418 sec
# Placement took 1.27 seconds (max_rss 400.7 MiB, delta_rss +49.6 MiB)

Flow timing analysis took 0.00860068 seconds (0.00596909 STA, 0.00263159 slack) (106 full updates: 106 setup, 0 hold, 0 combined).
VPR succeeded
The entire flow of VPR took 47.90 seconds (max_rss 400.7 MiB)
