#Timing report of worst 4 path(s)
# Unit scale: 1e-09 seconds
# Output precision: 3

#Path 1
Startpoint: D.inpad[0] (.input clocked by virtual_io_clock)
Endpoint  : out:d.outpad[0] (.output clocked by virtual_io_clock)
Path Type : setup

Point                                                                Incr      Path
-----------------------------------------------------------------------------------
clock virtual_io_clock (rise edge)                                  0.000     0.000
clock source latency                                                0.000     0.000
input external delay                                                0.000     0.000
D.inpad[0] (.input)                                                 0.000     0.000
$iopadmap$ASS1.D.I_PAD_$inp[0] (SDIOMUX_CELL)                       0.000     0.000
$iopadmap$ASS1.D.I_DAT[0] (SDIOMUX_CELL)                           13.945    13.945
a_LUT4_O.c_frag.TBS[0] (C_FRAG)                                     0.000    13.945
a_LUT4_O.c_frag.CZ[0] (C_FRAG)                                      0.996    14.941
$iopadmap$ASS1.d.O_DAT[0] (BIDIR_CELL)                              0.000    14.941
$iopadmap$ASS1.d.O_PAD_$out[0] (BIDIR_CELL)                         9.809    24.750
out:d.outpad[0] (.output)                                           0.000    24.750
data arrival time                                                            24.750

clock virtual_io_clock (rise edge)                                  0.000     0.000
clock source latency                                                0.000     0.000
clock uncertainty                                                   0.000     0.000
output external delay                                               0.000     0.000
data required time                                                            0.000
-----------------------------------------------------------------------------------
data required time                                                            0.000
data arrival time                                                           -24.750
-----------------------------------------------------------------------------------
slack (VIOLATED)                                                            -24.750


#Path 2
Startpoint: D.inpad[0] (.input clocked by virtual_io_clock)
Endpoint  : out:e.outpad[0] (.output clocked by virtual_io_clock)
Path Type : setup

Point                                                                Incr      Path
-----------------------------------------------------------------------------------
clock virtual_io_clock (rise edge)                                  0.000     0.000
clock source latency                                                0.000     0.000
input external delay                                                0.000     0.000
D.inpad[0] (.input)                                                 0.000     0.000
$iopadmap$ASS1.D.I_PAD_$inp[0] (SDIOMUX_CELL)                       0.000     0.000
$iopadmap$ASS1.D.I_DAT[0] (SDIOMUX_CELL)                           13.945    13.945
a_LUT4_O.c_frag.TBS[0] (C_FRAG)                                     0.000    13.945
a_LUT4_O.c_frag.CZ[0] (C_FRAG)                                      0.996    14.941
$iopadmap$ASS1.e.O_DAT[0] (BIDIR_CELL)                              0.000    14.941
$iopadmap$ASS1.e.O_PAD_$out[0] (BIDIR_CELL)                         9.809    24.750
out:e.outpad[0] (.output)                                           0.000    24.750
data arrival time                                                            24.750

clock virtual_io_clock (rise edge)                                  0.000     0.000
clock source latency                                                0.000     0.000
clock uncertainty                                                   0.000     0.000
output external delay                                               0.000     0.000
data required time                                                            0.000
-----------------------------------------------------------------------------------
data required time                                                            0.000
data arrival time                                                           -24.750
-----------------------------------------------------------------------------------
slack (VIOLATED)                                                            -24.750


#Path 3
Startpoint: D.inpad[0] (.input clocked by virtual_io_clock)
Endpoint  : out:f.outpad[0] (.output clocked by virtual_io_clock)
Path Type : setup

Point                                                                Incr      Path
-----------------------------------------------------------------------------------
clock virtual_io_clock (rise edge)                                  0.000     0.000
clock source latency                                                0.000     0.000
input external delay                                                0.000     0.000
D.inpad[0] (.input)                                                 0.000     0.000
$iopadmap$ASS1.D.I_PAD_$inp[0] (SDIOMUX_CELL)                       0.000     0.000
$iopadmap$ASS1.D.I_DAT[0] (SDIOMUX_CELL)                           13.945    13.945
a_LUT4_O.c_frag.TBS[0] (C_FRAG)                                     0.000    13.945
a_LUT4_O.c_frag.CZ[0] (C_FRAG)                                      0.996    14.941
$iopadmap$ASS1.f.O_DAT[0] (BIDIR_CELL)                              0.000    14.941
$iopadmap$ASS1.f.O_PAD_$out[0] (BIDIR_CELL)                         9.809    24.750
out:f.outpad[0] (.output)                                           0.000    24.750
data arrival time                                                            24.750

clock virtual_io_clock (rise edge)                                  0.000     0.000
clock source latency                                                0.000     0.000
clock uncertainty                                                   0.000     0.000
output external delay                                               0.000     0.000
data required time                                                            0.000
-----------------------------------------------------------------------------------
data required time                                                            0.000
data arrival time                                                           -24.750
-----------------------------------------------------------------------------------
slack (VIOLATED)                                                            -24.750


#Path 4
Startpoint: D.inpad[0] (.input clocked by virtual_io_clock)
Endpoint  : out:a.outpad[0] (.output clocked by virtual_io_clock)
Path Type : setup

Point                                                                Incr      Path
-----------------------------------------------------------------------------------
clock virtual_io_clock (rise edge)                                  0.000     0.000
clock source latency                                                0.000     0.000
input external delay                                                0.000     0.000
D.inpad[0] (.input)                                                 0.000     0.000
$iopadmap$ASS1.D.I_PAD_$inp[0] (SDIOMUX_CELL)                       0.000     0.000
$iopadmap$ASS1.D.I_DAT[0] (SDIOMUX_CELL)                           13.945    13.945
a_LUT4_O.c_frag.TBS[0] (C_FRAG)                                     0.000    13.945
a_LUT4_O.c_frag.CZ[0] (C_FRAG)                                      0.996    14.941
$iopadmap$ASS1.a.O_DAT[0] (SDIOMUX_CELL)                            0.000    14.941
$iopadmap$ASS1.a.O_PAD_$out[0] (SDIOMUX_CELL)                       9.750    24.691
out:a.outpad[0] (.output)                                           0.000    24.691
data arrival time                                                            24.691

clock virtual_io_clock (rise edge)                                  0.000     0.000
clock source latency                                                0.000     0.000
clock uncertainty                                                   0.000     0.000
output external delay                                               0.000     0.000
data required time                                                            0.000
-----------------------------------------------------------------------------------
data required time                                                            0.000
data arrival time                                                           -24.691
-----------------------------------------------------------------------------------
slack (VIOLATED)                                                            -24.691


#End of timing report
